{"level":"info","method":"GET","path":"/swagger/index.html","status":200,"duration":1.148,"time":"2025-03-14T09:49:00+07:00","message":"Handled request"}
{"level":"info","method":"GET","path":"/swagger/swagger-ui-standalone-preset.js","status":200,"duration":6.5589,"time":"2025-03-14T09:49:00+07:00","message":"Handled request"}
{"level":"info","method":"GET","path":"/swagger/swagger-ui.css","status":200,"duration":1.0064,"time":"2025-03-14T09:49:00+07:00","message":"Handled request"}
{"level":"info","method":"GET","path":"/swagger/swagger-ui-bundle.js","status":200,"duration":4.3074,"time":"2025-03-14T09:49:00+07:00","message":"Handled request"}
{"level":"info","method":"GET","path":"/swagger/doc.json","status":200,"duration":0.8304,"time":"2025-03-14T09:49:00+07:00","message":"Handled request"}
{"level":"info","method":"POST","path":"/back-office-service/api/v1/login","status":200,"duration":47.1439,"time":"2025-03-14T09:49:28+07:00","message":"Handled request"}
{"level":"info","method":"GET","path":"/back-office-service/api/v1/provinces","status":500,"duration":56.5511,"time":"2025-03-14T09:49:47+07:00","message":"Handled request"}
{"level":"info","method":"GET","path":"/swagger/index.html","status":200,"duration":1.5822,"time":"2025-03-14T09:53:55+07:00","message":"Handled request"}
{"level":"info","method":"GET","path":"/swagger/swagger-ui.css","status":200,"duration":5.6882,"time":"2025-03-14T09:53:55+07:00","message":"Handled request"}
{"level":"info","method":"GET","path":"/swagger/swagger-ui-standalone-preset.js","status":200,"duration":0.5057,"time":"2025-03-14T09:53:55+07:00","message":"Handled request"}
{"level":"info","method":"GET","path":"/swagger/swagger-ui-bundle.js","status":200,"duration":1.5724,"time":"2025-03-14T09:53:55+07:00","message":"Handled request"}
{"level":"info","method":"GET","path":"/swagger/doc.json","status":200,"duration":0.1533,"time":"2025-03-14T09:53:55+07:00","message":"Handled request"}
{"level":"info","method":"GET","path":"/swagger/favicon-32x32.png","status":200,"duration":0,"time":"2025-03-14T09:53:56+07:00","message":"Handled request"}
{"level":"info","method":"POST","path":"/back-office-service/api/v1/login","status":200,"duration":62.1596,"time":"2025-03-14T09:54:15+07:00","message":"Handled request"}
{"level":"info","method":"GET","path":"/back-office-service/api/v1/provinces","status":500,"duration":72.2115,"time":"2025-03-14T09:54:29+07:00","message":"Handled request"}
{"level":"info","method":"GET","path":"/swagger/index.html","status":200,"duration":0.6726,"time":"2025-03-14T09:56:10+07:00","message":"Handled request"}
{"level":"info","method":"GET","path":"/swagger/swagger-ui.css","status":200,"duration":0.4125,"time":"2025-03-14T09:56:10+07:00","message":"Handled request"}
{"level":"info","method":"GET","path":"/swagger/swagger-ui-bundle.js","status":200,"duration":1.1173,"time":"2025-03-14T09:56:10+07:00","message":"Handled request"}
{"level":"info","method":"GET","path":"/swagger/swagger-ui-standalone-preset.js","status":200,"duration":1.0228,"time":"2025-03-14T09:56:10+07:00","message":"Handled request"}
{"level":"info","method":"GET","path":"/swagger/doc.json","status":200,"duration":0.9052,"time":"2025-03-14T09:56:10+07:00","message":"Handled request"}
{"level":"info","method":"GET","path":"/swagger/favicon-32x32.png","status":200,"duration":1.0069,"time":"2025-03-14T09:56:10+07:00","message":"Handled request"}
{"level":"info","method":"POST","path":"/back-office-service/api/v1/login","status":200,"duration":44.3716,"time":"2025-03-14T09:56:23+07:00","message":"Handled request"}
{"level":"info","method":"GET","path":"/back-office-service/api/v1/provinces","status":500,"duration":39.6838,"time":"2025-03-14T09:56:34+07:00","message":"Handled request"}
{"level":"info","method":"GET","path":"/swagger/index.html","status":200,"duration":4.1607,"time":"2025-03-14T10:00:10+07:00","message":"Handled request"}
{"level":"info","method":"GET","path":"/swagger/swagger-ui.css","status":200,"duration":4.0634,"time":"2025-03-14T10:00:10+07:00","message":"Handled request"}
{"level":"info","method":"GET","path":"/swagger/swagger-ui-standalone-preset.js","status":200,"duration":0.9498,"time":"2025-03-14T10:00:10+07:00","message":"Handled request"}
{"level":"info","method":"GET","path":"/swagger/swagger-ui-bundle.js","status":200,"duration":5.0132,"time":"2025-03-14T10:00:10+07:00","message":"Handled request"}
{"level":"info","method":"GET","path":"/swagger/doc.json","status":200,"duration":0.5745,"time":"2025-03-14T10:00:10+07:00","message":"Handled request"}
{"level":"info","method":"GET","path":"/swagger/favicon-32x32.png","status":200,"duration":0,"time":"2025-03-14T10:00:10+07:00","message":"Handled request"}
{"level":"info","method":"POST","path":"/back-office-service/api/v1/login","status":200,"duration":49.1592,"time":"2025-03-14T10:00:18+07:00","message":"Handled request"}
{"level":"info","method":"GET","path":"/back-office-service/api/v1/provinces","status":200,"duration":145.1029,"time":"2025-03-14T10:00:36+07:00","message":"Handled request"}
{"level":"info","method":"GET","path":"/back-office-service/api/v1/provinces","status":200,"duration":115.0515,"time":"2025-03-14T10:00:44+07:00","message":"Handled request"}
{"level":"info","method":"GET","path":"/swagger/index.html","status":200,"duration":3.7881,"time":"2025-03-14T10:47:03+07:00","message":"Handled request"}
{"level":"info","method":"GET","path":"/swagger/swagger-ui.css","status":200,"duration":0,"time":"2025-03-14T10:47:03+07:00","message":"Handled request"}
{"level":"info","method":"GET","path":"/swagger/swagger-ui-standalone-preset.js","status":200,"duration":1.0074,"time":"2025-03-14T10:47:03+07:00","message":"Handled request"}
{"level":"info","method":"GET","path":"/swagger/swagger-ui-bundle.js","status":200,"duration":6.6389,"time":"2025-03-14T10:47:03+07:00","message":"Handled request"}
{"level":"info","method":"GET","path":"/swagger/doc.json","status":200,"duration":0.6206,"time":"2025-03-14T10:47:03+07:00","message":"Handled request"}
{"level":"info","method":"GET","path":"/swagger/favicon-32x32.png","status":200,"duration":0,"time":"2025-03-14T10:47:03+07:00","message":"Handled request"}
{"level":"info","method":"POST","path":"/back-office-service/api/v1/login","status":500,"duration":87.489,"time":"2025-03-14T10:47:16+07:00","message":"Handled request"}
{"level":"info","method":"GET","path":"/swagger/index.html","status":200,"duration":6.1233,"time":"2025-03-14T10:48:53+07:00","message":"Handled request"}
{"level":"info","method":"GET","path":"/swagger/swagger-ui.css","status":200,"duration":0,"time":"2025-03-14T10:48:53+07:00","message":"Handled request"}
{"level":"info","method":"GET","path":"/swagger/swagger-ui-standalone-preset.js","status":200,"duration":0.5616,"time":"2025-03-14T10:48:53+07:00","message":"Handled request"}
{"level":"info","method":"GET","path":"/swagger/swagger-ui-bundle.js","status":200,"duration":1.78,"time":"2025-03-14T10:48:53+07:00","message":"Handled request"}
{"level":"info","method":"GET","path":"/swagger/doc.json","status":200,"duration":0.2973,"time":"2025-03-14T10:48:53+07:00","message":"Handled request"}
{"level":"info","method":"POST","path":"/back-office-service/api/v1/login","status":200,"duration":52.6235,"time":"2025-03-14T10:49:13+07:00","message":"Handled request"}
{"level":"info","method":"GET","path":"/back-office-service/api/v1/districts","status":200,"duration":35.8335,"time":"2025-03-14T10:49:33+07:00","message":"Handled request"}
{"level":"info","method":"GET","path":"/back-office-service/api/v1/districts","status":200,"duration":41.2066,"time":"2025-03-14T10:49:40+07:00","message":"Handled request"}
{"level":"info","method":"GET","path":"/back-office-service/api/v1/districts","status":200,"duration":45.5804,"time":"2025-03-14T10:49:49+07:00","message":"Handled request"}
{"level":"info","method":"GET","path":"/back-office-service/api/v1/districts","status":200,"duration":43.985,"time":"2025-03-14T10:49:56+07:00","message":"Handled request"}
{"level":"info","method":"GET","path":"/back-office-service/api/v1/districts","status":200,"duration":34.1991,"time":"2025-03-14T10:50:03+07:00","message":"Handled request"}
{"level":"info","method":"GET","path":"/back-office-service/api/v1/districts","status":200,"duration":59.3019,"time":"2025-03-14T10:50:09+07:00","message":"Handled request"}
{"level":"info","method":"GET","path":"/swagger/index.html","status":200,"duration":0.9928,"time":"2025-03-14T10:52:01+07:00","message":"Handled request"}
{"level":"info","method":"GET","path":"/swagger/swagger-ui.css","status":200,"duration":0.5076,"time":"2025-03-14T10:52:01+07:00","message":"Handled request"}
{"level":"info","method":"GET","path":"/swagger/swagger-ui-standalone-preset.js","status":200,"duration":1.4113,"time":"2025-03-14T10:52:01+07:00","message":"Handled request"}
{"level":"info","method":"GET","path":"/swagger/swagger-ui-bundle.js","status":200,"duration":1.9172,"time":"2025-03-14T10:52:01+07:00","message":"Handled request"}
{"level":"info","method":"GET","path":"/swagger/doc.json","status":200,"duration":0.7376,"time":"2025-03-14T10:52:01+07:00","message":"Handled request"}
{"level":"info","method":"POST","path":"/back-office-service/api/v1/login","status":200,"duration":75.6147,"time":"2025-03-14T10:52:15+07:00","message":"Handled request"}
{"level":"info","method":"GET","path":"/back-office-service/api/v1/subdistricts","status":200,"duration":46.9749,"time":"2025-03-14T10:52:31+07:00","message":"Handled request"}
{"level":"info","method":"GET","path":"/back-office-service/api/v1/subdistricts","status":200,"duration":42.4608,"time":"2025-03-14T10:52:37+07:00","message":"Handled request"}
{"level":"info","method":"GET","path":"/back-office-service/api/v1/subdistricts","status":200,"duration":46.1488,"time":"2025-03-14T10:52:43+07:00","message":"Handled request"}
{"level":"info","method":"GET","path":"/back-office-service/api/v1/subdistricts","status":200,"duration":42.1988,"time":"2025-03-14T10:52:52+07:00","message":"Handled request"}
{"level":"info","method":"GET","path":"/back-office-service/api/v1/subdistricts","status":200,"duration":41.1759,"time":"2025-03-14T10:53:01+07:00","message":"Handled request"}
{"level":"info","method":"GET","path":"/back-office-service/api/v1/subdistricts","status":200,"duration":39.5764,"time":"2025-03-14T10:53:05+07:00","message":"Handled request"}
{"level":"info","method":"GET","path":"/back-office-service/api/v1/subdistricts","status":200,"duration":44.7388,"time":"2025-03-14T10:53:16+07:00","message":"Handled request"}
{"level":"info","method":"GET","path":"/swagger/index.html","status":200,"duration":1.0185,"time":"2025-03-14T10:55:37+07:00","message":"Handled request"}
{"level":"info","method":"GET","path":"/swagger/swagger-ui.css","status":200,"duration":0.9787,"time":"2025-03-14T10:55:37+07:00","message":"Handled request"}
{"level":"info","method":"GET","path":"/swagger/swagger-ui-standalone-preset.js","status":200,"duration":0.6869,"time":"2025-03-14T10:55:37+07:00","message":"Handled request"}
{"level":"info","method":"GET","path":"/swagger/swagger-ui-bundle.js","status":200,"duration":1.1968,"time":"2025-03-14T10:55:37+07:00","message":"Handled request"}
{"level":"info","method":"GET","path":"/swagger/doc.json","status":200,"duration":0.9639,"time":"2025-03-14T10:55:37+07:00","message":"Handled request"}
{"level":"info","method":"POST","path":"/back-office-service/api/v1/login","status":200,"duration":51.6491,"time":"2025-03-14T10:56:01+07:00","message":"Handled request"}
{"level":"info","method":"GET","path":"/back-office-service/api/v1/provinces","status":200,"duration":75.2102,"time":"2025-03-14T10:56:42+07:00","message":"Handled request"}
{"level":"info","method":"GET","path":"/back-office-service/api/v1/provinces","status":400,"duration":50.4787,"time":"2025-03-14T10:56:51+07:00","message":"Handled request"}
{"level":"info","method":"GET","path":"/back-office-service/api/v1/provinces","status":400,"duration":27.9066,"time":"2025-03-14T10:56:54+07:00","message":"Handled request"}
{"level":"info","method":"GET","path":"/back-office-service/api/v1/provinces","status":200,"duration":41.7108,"time":"2025-03-14T10:57:00+07:00","message":"Handled request"}
{"level":"info","method":"GET","path":"/back-office-service/api/v1/provinces","status":400,"duration":36.1611,"time":"2025-03-14T10:57:06+07:00","message":"Handled request"}
{"level":"info","method":"GET","path":"/back-office-service/api/v1/provinces","status":400,"duration":26.3115,"time":"2025-03-14T10:57:09+07:00","message":"Handled request"}
{"level":"info","method":"GET","path":"/back-office-service/api/v1/provinces","status":400,"duration":32.6777,"time":"2025-03-14T10:57:11+07:00","message":"Handled request"}
{"level":"info","method":"GET","path":"/back-office-service/api/v1/provinces","status":200,"duration":47.7412,"time":"2025-03-14T10:57:37+07:00","message":"Handled request"}
{"level":"info","method":"GET","path":"/back-office-service/api/v1/districts","status":401,"duration":0,"time":"2025-03-14T10:57:43+07:00","message":"Handled request"}
{"level":"info","method":"GET","path":"/back-office-service/api/v1/districts","status":200,"duration":41.1176,"time":"2025-03-14T10:57:49+07:00","message":"Handled request"}
{"level":"info","method":"GET","path":"/back-office-service/api/v1/districts","status":400,"duration":26.6982,"time":"2025-03-14T10:57:54+07:00","message":"Handled request"}
{"level":"info","method":"GET","path":"/back-office-service/api/v1/districts","status":200,"duration":38.2869,"time":"2025-03-14T10:58:00+07:00","message":"Handled request"}
{"level":"info","method":"GET","path":"/back-office-service/api/v1/districts","status":400,"duration":22.9478,"time":"2025-03-14T10:58:04+07:00","message":"Handled request"}
{"level":"info","method":"GET","path":"/back-office-service/api/v1/districts","status":400,"duration":25.4625,"time":"2025-03-14T10:58:10+07:00","message":"Handled request"}
{"level":"info","method":"GET","path":"/back-office-service/api/v1/districts","status":400,"duration":25.2251,"time":"2025-03-14T10:58:13+07:00","message":"Handled request"}
{"level":"info","method":"GET","path":"/back-office-service/api/v1/districts","status":400,"duration":30.3054,"time":"2025-03-14T10:58:17+07:00","message":"Handled request"}
{"level":"info","method":"GET","path":"/back-office-service/api/v1/districts","status":200,"duration":237.0945,"time":"2025-03-14T10:58:22+07:00","message":"Handled request"}
{"level":"info","method":"GET","path":"/back-office-service/api/v1/districts","status":400,"duration":26.1573,"time":"2025-03-14T10:58:28+07:00","message":"Handled request"}
{"level":"info","method":"GET","path":"/back-office-service/api/v1/districts","status":200,"duration":47.7184,"time":"2025-03-14T10:58:33+07:00","message":"Handled request"}
{"level":"info","method":"GET","path":"/back-office-service/api/v1/subdistricts","status":401,"duration":0,"time":"2025-03-14T10:58:39+07:00","message":"Handled request"}
{"level":"info","method":"GET","path":"/back-office-service/api/v1/subdistricts","status":200,"duration":41.0685,"time":"2025-03-14T10:58:46+07:00","message":"Handled request"}
{"level":"info","method":"GET","path":"/back-office-service/api/v1/provinces","status":200,"duration":45.1962,"time":"2025-03-14T10:58:56+07:00","message":"Handled request"}
{"level":"info","method":"GET","path":"/back-office-service/api/v1/districts","status":200,"duration":41.6566,"time":"2025-03-14T10:59:02+07:00","message":"Handled request"}
{"level":"info","method":"GET","path":"/back-office-service/api/v1/subdistricts","status":200,"duration":43.3231,"time":"2025-03-14T10:59:10+07:00","message":"Handled request"}
{"level":"info","method":"GET","path":"/back-office-service/api/v1/subdistricts","status":400,"duration":22.9361,"time":"2025-03-14T10:59:13+07:00","message":"Handled request"}
{"level":"info","method":"GET","path":"/back-office-service/api/v1/subdistricts","status":400,"duration":25.5394,"time":"2025-03-14T10:59:18+07:00","message":"Handled request"}
{"level":"info","method":"GET","path":"/back-office-service/api/v1/subdistricts","status":200,"duration":42.8642,"time":"2025-03-14T10:59:20+07:00","message":"Handled request"}
{"level":"info","method":"GET","path":"/back-office-service/api/v1/subdistricts","status":400,"duration":24.5191,"time":"2025-03-14T10:59:23+07:00","message":"Handled request"}
{"level":"info","method":"GET","path":"/back-office-service/api/v1/subdistricts","status":400,"duration":23.1946,"time":"2025-03-14T10:59:27+07:00","message":"Handled request"}
{"level":"info","method":"GET","path":"/back-office-service/api/v1/subdistricts","status":400,"duration":25.9569,"time":"2025-03-14T10:59:33+07:00","message":"Handled request"}
{"level":"info","method":"GET","path":"/back-office-service/api/v1/subdistricts","status":400,"duration":31.0459,"time":"2025-03-14T10:59:38+07:00","message":"Handled request"}
{"level":"info","method":"GET","path":"/back-office-service/api/v1/subdistricts","status":400,"duration":27.7488,"time":"2025-03-14T10:59:40+07:00","message":"Handled request"}
{"level":"info","method":"GET","path":"/back-office-service/api/v1/subdistricts","status":200,"duration":46.2133,"time":"2025-03-14T10:59:47+07:00","message":"Handled request"}
{"level":"info","method":"GET","path":"/back-office-service/api/v1/subdistricts","status":400,"duration":29.5538,"time":"2025-03-14T10:59:51+07:00","message":"Handled request"}
{"level":"info","method":"GET","path":"/back-office-service/api/v1/subdistricts","status":200,"duration":43.7222,"time":"2025-03-14T10:59:55+07:00","message":"Handled request"}
{"level":"info","method":"GET","path":"/back-office-service/api/v1/gps-status","status":401,"duration":0.5199,"time":"2025-03-14T15:13:13+07:00","message":"Handled request"}
{"level":"info","method":"GET","path":"/swagger/index.html","status":200,"duration":0.2452,"time":"2025-03-14T15:13:25+07:00","message":"Handled request"}
{"level":"info","method":"GET","path":"/swagger/swagger-ui.css","status":200,"duration":1.6224,"time":"2025-03-14T15:13:25+07:00","message":"Handled request"}
{"level":"info","method":"GET","path":"/swagger/swagger-ui-standalone-preset.js","status":200,"duration":0.5764,"time":"2025-03-14T15:13:25+07:00","message":"Handled request"}
{"level":"info","method":"GET","path":"/swagger/swagger-ui-bundle.js","status":200,"duration":4.8952,"time":"2025-03-14T15:13:25+07:00","message":"Handled request"}
{"level":"info","method":"GET","path":"/swagger/doc.json","status":200,"duration":0.7224,"time":"2025-03-14T15:13:25+07:00","message":"Handled request"}
{"level":"info","method":"POST","path":"/back-office-service/api/v1/login","status":200,"duration":56.3049,"time":"2025-03-14T15:13:45+07:00","message":"Handled request"}
{"level":"info","method":"GET","path":"/back-office-service/api/v1/gps-status","status":400,"duration":55.8679,"time":"2025-03-14T15:13:57+07:00","message":"Handled request"}
{"level":"info","method":"GET","path":"/swagger/index.html","status":200,"duration":0.62,"time":"2025-03-14T15:15:09+07:00","message":"Handled request"}
{"level":"info","method":"GET","path":"/swagger/swagger-ui.css","status":200,"duration":0.5094,"time":"2025-03-14T15:15:09+07:00","message":"Handled request"}
{"level":"info","method":"GET","path":"/swagger/swagger-ui-bundle.js","status":200,"duration":3.5806,"time":"2025-03-14T15:15:09+07:00","message":"Handled request"}
{"level":"info","method":"GET","path":"/swagger/swagger-ui-standalone-preset.js","status":200,"duration":0,"time":"2025-03-14T15:15:09+07:00","message":"Handled request"}
{"level":"info","method":"GET","path":"/swagger/doc.json","status":200,"duration":0.7074,"time":"2025-03-14T15:15:09+07:00","message":"Handled request"}
{"level":"info","method":"GET","path":"/swagger/favicon-32x32.png","status":200,"duration":0,"time":"2025-03-14T15:15:10+07:00","message":"Handled request"}
{"level":"info","method":"POST","path":"/back-office-service/api/v1/login","status":200,"duration":47.7079,"time":"2025-03-14T15:15:14+07:00","message":"Handled request"}
{"level":"info","method":"GET","path":"/back-office-service/api/v1/gps-status","status":200,"duration":37.4467,"time":"2025-03-14T15:15:26+07:00","message":"Handled request"}
{"level":"info","method":"GET","path":"/swagger/index.html","status":200,"duration":0.2012,"time":"2025-03-14T16:28:44+07:00","message":"Handled request"}
{"level":"info","method":"GET","path":"/swagger/swagger-ui.css","status":200,"duration":0,"time":"2025-03-14T16:28:44+07:00","message":"Handled request"}
{"level":"info","method":"GET","path":"/swagger/swagger-ui-standalone-preset.js","status":200,"duration":0.2293,"time":"2025-03-14T16:28:44+07:00","message":"Handled request"}
{"level":"info","method":"GET","path":"/swagger/swagger-ui-bundle.js","status":200,"duration":5.0848,"time":"2025-03-14T16:28:44+07:00","message":"Handled request"}
{"level":"info","method":"GET","path":"/swagger/doc.json","status":200,"duration":0.6087,"time":"2025-03-14T16:28:44+07:00","message":"Handled request"}
{"level":"info","method":"POST","path":"/back-office-service/api/v1/login","status":200,"duration":54.3597,"time":"2025-03-14T16:28:56+07:00","message":"Handled request"}
{"level":"info","method":"GET","path":"/swagger/index.html","status":200,"duration":1.6352,"time":"2025-03-14T16:36:08+07:00","message":"Handled request"}
{"level":"info","method":"GET","path":"/swagger/swagger-ui.css","status":200,"duration":0.9998,"time":"2025-03-14T16:36:08+07:00","message":"Handled request"}
{"level":"info","method":"GET","path":"/swagger/swagger-ui-standalone-preset.js","status":200,"duration":1.2992,"time":"2025-03-14T16:36:08+07:00","message":"Handled request"}
{"level":"info","method":"GET","path":"/swagger/swagger-ui-bundle.js","status":200,"duration":3.8174,"time":"2025-03-14T16:36:08+07:00","message":"Handled request"}
{"level":"info","method":"GET","path":"/swagger/doc.json","status":200,"duration":0,"time":"2025-03-14T16:36:08+07:00","message":"Handled request"}
{"level":"info","method":"GET","path":"/swagger/favicon-32x32.png","status":200,"duration":0,"time":"2025-03-14T16:36:08+07:00","message":"Handled request"}
{"level":"info","method":"POST","path":"/back-office-service/api/v1/login","status":200,"duration":46.3865,"time":"2025-03-14T16:36:14+07:00","message":"Handled request"}
{"level":"info","method":"GET","path":"/back-office-service/api/v1/gps-status","status":200,"duration":38.1661,"time":"2025-03-14T16:36:45+07:00","message":"Handled request"}
{"level":"info","method":"GET","path":"/back-office-service/api/v1/gps-status","status":200,"duration":42.6719,"time":"2025-03-14T16:41:28+07:00","message":"Handled request"}
{"level":"info","method":"GET","path":"/back-office-service/api/v1/gps-status","status":500,"duration":45.4527,"time":"2025-03-14T16:51:22+07:00","message":"Handled request"}
{"level":"info","method":"GET","path":"/back-office-service/api/v1/gps-status","status":200,"duration":41.4485,"time":"2025-03-14T16:54:41+07:00","message":"Handled request"}
