{"level":"info","method":"GET","path":"/swagger/index.html","status":200,"duration":0,"time":"2025-03-12T16:26:56+07:00","message":"Handled request"}
{"level":"info","method":"GET","path":"/swagger/swagger-ui.css","status":200,"duration":2.0067,"time":"2025-03-12T16:26:56+07:00","message":"Handled request"}
{"level":"info","method":"GET","path":"/swagger/swagger-ui-standalone-preset.js","status":200,"duration":1.0287,"time":"2025-03-12T16:26:56+07:00","message":"Handled request"}
{"level":"info","method":"GET","path":"/swagger/swagger-ui-bundle.js","status":200,"duration":5.1145,"time":"2025-03-12T16:26:56+07:00","message":"Handled request"}
{"level":"info","method":"GET","path":"/swagger/doc.json","status":200,"duration":0.6402,"time":"2025-03-12T16:26:56+07:00","message":"Handled request"}
{"level":"info","method":"GET","path":"/swagger/favicon-32x32.png","status":200,"duration":0,"time":"2025-03-12T16:26:56+07:00","message":"Handled request"}
{"level":"info","method":"GET","path":"/get-province-language","status":404,"duration":0.6528,"time":"2025-03-12T16:28:12+07:00","message":"Handled request"}
{"level":"info","method":"GET","path":"/get-province-language","status":404,"duration":0,"time":"2025-03-12T16:28:31+07:00","message":"Handled request"}
{"level":"info","method":"GET","path":"/back-office-service/api/v1/get-province-language","status":401,"duration":0,"time":"2025-03-12T16:29:08+07:00","message":"Handled request"}
{"level":"info","method":"POST","path":"/back-office-service/api/v1/login","status":200,"duration":58.0869,"time":"2025-03-12T16:30:40+07:00","message":"Handled request"}
{"level":"info","method":"GET","path":"/back-office-service/api/v1/get-province-language","status":401,"duration":0.7749,"time":"2025-03-12T16:31:01+07:00","message":"Handled request"}
{"level":"info","method":"GET","path":"/back-office-service/api/v1/get-province-language","status":500,"duration":42.5611,"time":"2025-03-12T16:31:07+07:00","message":"Handled request"}
{"level":"info","method":"GET","path":"/back-office-service/api/v1/get-province-language","status":200,"duration":43.5375,"time":"2025-03-12T16:35:18+07:00","message":"Handled request"}
{"level":"info","method":"GET","path":"/back-office-service/api/v1/get-province-language","status":200,"duration":47.7734,"time":"2025-03-12T16:35:53+07:00","message":"Handled request"}
{"level":"info","method":"GET","path":"/back-office-service/api/v1/get-province-language","status":200,"duration":32.8155,"time":"2025-03-12T16:42:14+07:00","message":"Handled request"}
{"level":"info","method":"GET","path":"/back-office-service/api/v1/get-province-language","status":200,"duration":32.734,"time":"2025-03-12T16:42:56+07:00","message":"Handled request"}
{"level":"info","method":"GET","path":"/back-office-service/api/v1/get-province-language","status":200,"duration":33.5563,"time":"2025-03-12T16:51:10+07:00","message":"Handled request"}
{"level":"info","method":"GET","path":"/back-office-service/api/v1/get-province-language","status":200,"duration":37.595,"time":"2025-03-12T16:51:23+07:00","message":"Handled request"}
{"level":"info","method":"GET","path":"/back-office-service/api/v1/get-province-language","status":200,"duration":34.7052,"time":"2025-03-12T16:53:16+07:00","message":"Handled request"}
{"level":"info","method":"GET","path":"/back-office-service/api/v1/get-province-language","status":200,"duration":37.8866,"time":"2025-03-12T16:55:34+07:00","message":"Handled request"}
{"level":"info","method":"GET","path":"/swagger/index.html","status":200,"duration":1.5052,"time":"2025-03-12T16:56:32+07:00","message":"Handled request"}
{"level":"info","method":"GET","path":"/swagger/swagger-ui.css","status":200,"duration":1.0083,"time":"2025-03-12T16:56:32+07:00","message":"Handled request"}
{"level":"info","method":"GET","path":"/swagger/swagger-ui-standalone-preset.js","status":200,"duration":0,"time":"2025-03-12T16:56:32+07:00","message":"Handled request"}
{"level":"info","method":"GET","path":"/swagger/swagger-ui-bundle.js","status":200,"duration":2.6282,"time":"2025-03-12T16:56:32+07:00","message":"Handled request"}
{"level":"info","method":"GET","path":"/swagger/doc.json","status":200,"duration":0.8231,"time":"2025-03-12T16:56:32+07:00","message":"Handled request"}
{"level":"info","method":"GET","path":"/back-office-service/api/back-office-service/api/v1/GetProvinceLanguage","status":404,"duration":0,"time":"2025-03-12T16:56:50+07:00","message":"Handled request"}
{"level":"info","method":"GET","path":"/back-office-service/api/back-office-service/api/v1/GetProvinceLanguage","status":404,"duration":0,"time":"2025-03-12T16:57:11+07:00","message":"Handled request"}
{"level":"info","method":"GET","path":"/swagger/index.html","status":200,"duration":0.5249,"time":"2025-03-12T16:58:37+07:00","message":"Handled request"}
{"level":"info","method":"GET","path":"/swagger/swagger-ui.css","status":200,"duration":0.5261,"time":"2025-03-12T16:58:37+07:00","message":"Handled request"}
{"level":"info","method":"GET","path":"/swagger/swagger-ui-standalone-preset.js","status":200,"duration":0.6014,"time":"2025-03-12T16:58:37+07:00","message":"Handled request"}
{"level":"info","method":"GET","path":"/swagger/swagger-ui-bundle.js","status":200,"duration":1.815,"time":"2025-03-12T16:58:37+07:00","message":"Handled request"}
{"level":"info","method":"GET","path":"/swagger/doc.json","status":200,"duration":0.7531,"time":"2025-03-12T16:58:37+07:00","message":"Handled request"}
{"level":"info","method":"GET","path":"/swagger/favicon-32x32.png","status":200,"duration":0,"time":"2025-03-12T16:58:37+07:00","message":"Handled request"}
{"level":"info","method":"GET","path":"/back-office-service/api/back-office-service/api/v1/get-province-language","status":404,"duration":0,"time":"2025-03-12T16:58:51+07:00","message":"Handled request"}
{"level":"info","method":"GET","path":"/swagger/index.html","status":200,"duration":0.5171,"time":"2025-03-12T17:01:10+07:00","message":"Handled request"}
{"level":"info","method":"GET","path":"/swagger/swagger-ui.css","status":200,"duration":0.5052,"time":"2025-03-12T17:01:10+07:00","message":"Handled request"}
{"level":"info","method":"GET","path":"/swagger/swagger-ui-standalone-preset.js","status":200,"duration":0.5052,"time":"2025-03-12T17:01:10+07:00","message":"Handled request"}
{"level":"info","method":"GET","path":"/swagger/swagger-ui-bundle.js","status":200,"duration":2.1397,"time":"2025-03-12T17:01:10+07:00","message":"Handled request"}
{"level":"info","method":"GET","path":"/swagger/doc.json","status":200,"duration":0.5179,"time":"2025-03-12T17:01:11+07:00","message":"Handled request"}
{"level":"info","method":"GET","path":"/swagger/favicon-32x32.png","status":200,"duration":1.0202,"time":"2025-03-12T17:01:11+07:00","message":"Handled request"}
{"level":"info","method":"GET","path":"/back-office-service/api/get-province-language","status":404,"duration":0.9387,"time":"2025-03-12T17:01:22+07:00","message":"Handled request"}
{"level":"info","method":"GET","path":"/swagger/index.html","status":200,"duration":1.0008,"time":"2025-03-12T17:05:22+07:00","message":"Handled request"}
{"level":"info","method":"GET","path":"/swagger/swagger-ui.css","status":200,"duration":0.8795,"time":"2025-03-12T17:05:22+07:00","message":"Handled request"}
{"level":"info","method":"GET","path":"/swagger/swagger-ui-standalone-preset.js","status":200,"duration":0.5045,"time":"2025-03-12T17:05:22+07:00","message":"Handled request"}
{"level":"info","method":"GET","path":"/swagger/swagger-ui-bundle.js","status":200,"duration":3.5087,"time":"2025-03-12T17:05:22+07:00","message":"Handled request"}
{"level":"info","method":"GET","path":"/swagger/doc.json","status":200,"duration":1.0935,"time":"2025-03-12T17:05:23+07:00","message":"Handled request"}
{"level":"info","method":"GET","path":"/swagger/favicon-32x32.png","status":200,"duration":0,"time":"2025-03-12T17:05:23+07:00","message":"Handled request"}
{"level":"info","method":"GET","path":"/back-office-service/api/get-province-language","status":404,"duration":0,"time":"2025-03-12T17:05:33+07:00","message":"Handled request"}
{"level":"info","method":"GET","path":"/swagger/index.html","status":200,"duration":0.7331,"time":"2025-03-12T17:06:36+07:00","message":"Handled request"}
{"level":"info","method":"GET","path":"/swagger/swagger-ui.css","status":200,"duration":0.5079,"time":"2025-03-12T17:06:36+07:00","message":"Handled request"}
{"level":"info","method":"GET","path":"/swagger/swagger-ui-standalone-preset.js","status":200,"duration":0.5079,"time":"2025-03-12T17:06:36+07:00","message":"Handled request"}
{"level":"info","method":"GET","path":"/swagger/swagger-ui-bundle.js","status":200,"duration":2.2643,"time":"2025-03-12T17:06:36+07:00","message":"Handled request"}
{"level":"info","method":"GET","path":"/swagger/doc.json","status":200,"duration":0.6211,"time":"2025-03-12T17:06:36+07:00","message":"Handled request"}
{"level":"info","method":"GET","path":"/swagger/favicon-32x32.png","status":200,"duration":0,"time":"2025-03-12T17:06:36+07:00","message":"Handled request"}
{"level":"info","method":"GET","path":"/back-office-service/api/get-province-language","status":404,"duration":0.4622,"time":"2025-03-12T17:06:57+07:00","message":"Handled request"}
{"level":"info","method":"GET","path":"/back-office-service/api/get-province-language","status":404,"duration":0,"time":"2025-03-12T17:07:01+07:00","message":"Handled request"}
{"level":"info","method":"GET","path":"/swagger/index.html","status":200,"duration":1.8638,"time":"2025-03-12T17:09:51+07:00","message":"Handled request"}
{"level":"info","method":"GET","path":"/swagger/swagger-ui.css","status":200,"duration":0.5943,"time":"2025-03-12T17:09:51+07:00","message":"Handled request"}
{"level":"info","method":"GET","path":"/swagger/swagger-ui-standalone-preset.js","status":200,"duration":0.6618,"time":"2025-03-12T17:09:51+07:00","message":"Handled request"}
{"level":"info","method":"GET","path":"/swagger/swagger-ui-bundle.js","status":200,"duration":1.2561,"time":"2025-03-12T17:09:51+07:00","message":"Handled request"}
{"level":"info","method":"GET","path":"/swagger/doc.json","status":200,"duration":0.5677,"time":"2025-03-12T17:09:51+07:00","message":"Handled request"}
{"level":"info","method":"GET","path":"/swagger/favicon-32x32.png","status":200,"duration":0.9977,"time":"2025-03-12T17:09:51+07:00","message":"Handled request"}
{"level":"info","method":"GET","path":"/back-office-service/api/get-province-language","status":404,"duration":0,"time":"2025-03-12T17:09:59+07:00","message":"Handled request"}
{"level":"info","method":"GET","path":"/back-office-service/api/get-province-language","status":404,"duration":0,"time":"2025-03-12T17:10:02+07:00","message":"Handled request"}
{"level":"info","method":"GET","path":"/back-office-service/api/get-province-language","status":404,"duration":1.025,"time":"2025-03-12T17:10:22+07:00","message":"Handled request"}
{"level":"info","method":"GET","path":"/swagger/index.html","status":200,"duration":0,"time":"2025-03-12T17:11:11+07:00","message":"Handled request"}
{"level":"info","method":"GET","path":"/swagger/swagger-ui.css","status":304,"duration":0,"time":"2025-03-12T17:11:11+07:00","message":"Handled request"}
{"level":"info","method":"GET","path":"/swagger/swagger-ui-standalone-preset.js","status":304,"duration":0,"time":"2025-03-12T17:11:11+07:00","message":"Handled request"}
{"level":"info","method":"GET","path":"/swagger/swagger-ui-bundle.js","status":304,"duration":0,"time":"2025-03-12T17:11:11+07:00","message":"Handled request"}
{"level":"info","method":"GET","path":"/swagger/doc.json","status":200,"duration":0.5268,"time":"2025-03-12T17:11:11+07:00","message":"Handled request"}
{"level":"info","method":"GET","path":"/swagger/favicon-32x32.png","status":304,"duration":0.8618,"time":"2025-03-12T17:11:11+07:00","message":"Handled request"}
{"level":"info","method":"GET","path":"/swagger/index.html","status":200,"duration":0.7477,"time":"2025-03-12T17:11:13+07:00","message":"Handled request"}
{"level":"info","method":"GET","path":"/swagger/doc.json","status":200,"duration":0.7456,"time":"2025-03-12T17:11:13+07:00","message":"Handled request"}
{"level":"info","method":"GET","path":"/back-office-service/api/get-province-language","status":404,"duration":0,"time":"2025-03-12T17:11:28+07:00","message":"Handled request"}
{"level":"info","method":"GET","path":"/swagger/index.html","status":200,"duration":1.4997,"time":"2025-03-12T17:15:07+07:00","message":"Handled request"}
{"level":"info","method":"GET","path":"/swagger/swagger-ui.css","status":200,"duration":0.2236,"time":"2025-03-12T17:15:07+07:00","message":"Handled request"}
{"level":"info","method":"GET","path":"/swagger/swagger-ui-standalone-preset.js","status":200,"duration":0.6687,"time":"2025-03-12T17:15:07+07:00","message":"Handled request"}
{"level":"info","method":"GET","path":"/swagger/swagger-ui-bundle.js","status":200,"duration":2.2024,"time":"2025-03-12T17:15:07+07:00","message":"Handled request"}
{"level":"info","method":"GET","path":"/swagger/doc.json","status":200,"duration":1.069,"time":"2025-03-12T17:15:07+07:00","message":"Handled request"}
{"level":"info","method":"GET","path":"/back-office-service/api/v1/get-province-language","status":404,"duration":0.6952,"time":"2025-03-12T17:15:27+07:00","message":"Handled request"}
{"level":"info","method":"GET","path":"/back-office-service/api/v1/get-province-language","status":404,"duration":0,"time":"2025-03-12T17:15:30+07:00","message":"Handled request"}
{"level":"info","method":"GET","path":"/back-office-service/api/v1/get-province-language","status":404,"duration":0.7082,"time":"2025-03-12T17:16:09+07:00","message":"Handled request"}
{"level":"info","method":"GET","path":"/back-office-service/api/v1/get-province-language","status":404,"duration":0.6789,"time":"2025-03-12T17:16:39+07:00","message":"Handled request"}
{"level":"info","method":"GET","path":"/back-office-service/api/v1/get-province-language","status":404,"duration":0,"time":"2025-03-12T17:16:47+07:00","message":"Handled request"}
{"level":"info","method":"POST","path":"/back-office-service/api/v1/login","status":200,"duration":38.6196,"time":"2025-03-12T17:17:16+07:00","message":"Handled request"}
{"level":"info","method":"GET","path":"/back-office-service/api/v1/get-province-language","status":404,"duration":0,"time":"2025-03-12T17:17:39+07:00","message":"Handled request"}
{"level":"info","method":"GET","path":"/back-office-service/api/v1/get-province-language","status":404,"duration":0,"time":"2025-03-12T17:17:47+07:00","message":"Handled request"}
