{"level":"info","method":"GET","path":"/swagger/index.html","status":200,"duration":0.5728,"time":"2025-03-17T13:24:26+07:00","message":"Handled request"}
{"level":"info","method":"GET","path":"/swagger/swagger-ui.css","status":200,"duration":1.2867,"time":"2025-03-17T13:24:27+07:00","message":"Handled request"}
{"level":"info","method":"GET","path":"/swagger/swagger-ui-standalone-preset.js","status":200,"duration":1.1104,"time":"2025-03-17T13:24:27+07:00","message":"Handled request"}
{"level":"info","method":"GET","path":"/swagger/swagger-ui-bundle.js","status":200,"duration":7.2725,"time":"2025-03-17T13:24:27+07:00","message":"Handled request"}
{"level":"info","method":"GET","path":"/swagger/doc.json","status":200,"duration":0.9335,"time":"2025-03-17T13:24:27+07:00","message":"Handled request"}
{"level":"info","method":"POST","path":"/back-office-service/api/v1/login","status":200,"duration":62.1213,"time":"2025-03-17T13:24:48+07:00","message":"Handled request"}
{"level":"info","method":"GET","path":"/back-office-service/api/v1/gps-brands","status":500,"duration":37.8446,"time":"2025-03-17T13:25:33+07:00","message":"Handled request"}
{"level":"info","method":"GET","path":"/swagger/index.html","status":200,"duration":1.1179,"time":"2025-03-17T13:29:39+07:00","message":"Handled request"}
{"level":"info","method":"GET","path":"/swagger/swagger-ui.css","status":200,"duration":0.5217,"time":"2025-03-17T13:29:39+07:00","message":"Handled request"}
{"level":"info","method":"GET","path":"/swagger/swagger-ui-standalone-preset.js","status":200,"duration":1.1338,"time":"2025-03-17T13:29:39+07:00","message":"Handled request"}
{"level":"info","method":"GET","path":"/swagger/swagger-ui-bundle.js","status":200,"duration":5.5694,"time":"2025-03-17T13:29:39+07:00","message":"Handled request"}
{"level":"info","method":"GET","path":"/swagger/doc.json","status":200,"duration":0.5667,"time":"2025-03-17T13:29:39+07:00","message":"Handled request"}
{"level":"info","method":"GET","path":"/swagger/favicon-32x32.png","status":200,"duration":0,"time":"2025-03-17T13:29:39+07:00","message":"Handled request"}
{"level":"info","method":"POST","path":"/back-office-service/api/v1/login","status":200,"duration":50.1663,"time":"2025-03-17T13:29:44+07:00","message":"Handled request"}
{"level":"info","method":"GET","path":"/back-office-service/api/v1/gps-brands","status":500,"duration":29.0432,"time":"2025-03-17T13:29:54+07:00","message":"Handled request"}
{"level":"info","method":"GET","path":"/swagger/index.html","status":200,"duration":1.5749,"time":"2025-03-17T13:32:47+07:00","message":"Handled request"}
{"level":"info","method":"GET","path":"/swagger/swagger-ui.css","status":200,"duration":0.5754,"time":"2025-03-17T13:32:47+07:00","message":"Handled request"}
{"level":"info","method":"GET","path":"/swagger/swagger-ui-standalone-preset.js","status":200,"duration":0.59,"time":"2025-03-17T13:32:47+07:00","message":"Handled request"}
{"level":"info","method":"GET","path":"/swagger/swagger-ui-bundle.js","status":200,"duration":2.1776,"time":"2025-03-17T13:32:47+07:00","message":"Handled request"}
{"level":"info","method":"GET","path":"/swagger/doc.json","status":200,"duration":0.6989,"time":"2025-03-17T13:32:47+07:00","message":"Handled request"}
{"level":"info","method":"GET","path":"/swagger/favicon-32x32.png","status":200,"duration":0,"time":"2025-03-17T13:32:47+07:00","message":"Handled request"}
{"level":"info","method":"POST","path":"/back-office-service/api/v1/login","status":200,"duration":44.9899,"time":"2025-03-17T13:32:52+07:00","message":"Handled request"}
{"level":"info","method":"GET","path":"/back-office-service/api/v1/gps-brands","status":200,"duration":38.2118,"time":"2025-03-17T13:33:04+07:00","message":"Handled request"}
{"level":"info","method":"GET","path":"/swagger/index.html","status":200,"duration":1.1899,"time":"2025-03-17T13:40:53+07:00","message":"Handled request"}
{"level":"info","method":"GET","path":"/swagger/swagger-ui.css","status":200,"duration":0.6152,"time":"2025-03-17T13:40:53+07:00","message":"Handled request"}
{"level":"info","method":"GET","path":"/swagger/swagger-ui-standalone-preset.js","status":200,"duration":1.2427,"time":"2025-03-17T13:40:53+07:00","message":"Handled request"}
{"level":"info","method":"GET","path":"/swagger/swagger-ui-bundle.js","status":200,"duration":5.8232,"time":"2025-03-17T13:40:53+07:00","message":"Handled request"}
{"level":"info","method":"GET","path":"/swagger/doc.json","status":200,"duration":0.8837,"time":"2025-03-17T13:40:53+07:00","message":"Handled request"}
{"level":"info","method":"GET","path":"/swagger/favicon-32x32.png","status":200,"duration":0,"time":"2025-03-17T13:40:53+07:00","message":"Handled request"}
{"level":"info","method":"POST","path":"/back-office-service/api/v1/login","status":200,"duration":48.0828,"time":"2025-03-17T13:40:57+07:00","message":"Handled request"}
{"level":"info","method":"GET","path":"/back-office-service/api/v1/gps-brands","status":200,"duration":48.9989,"time":"2025-03-17T13:41:15+07:00","message":"Handled request"}
{"level":"info","method":"GET","path":"/back-office-service/api/v1/gps-models","status":500,"duration":32.7895,"time":"2025-03-17T13:42:01+07:00","message":"Handled request"}
{"level":"info","method":"GET","path":"/swagger/index.html","status":200,"duration":0.6113,"time":"2025-03-17T13:45:15+07:00","message":"Handled request"}
{"level":"info","method":"GET","path":"/swagger/swagger-ui.css","status":200,"duration":0.5069,"time":"2025-03-17T13:45:15+07:00","message":"Handled request"}
{"level":"info","method":"GET","path":"/swagger/swagger-ui-bundle.js","status":200,"duration":2.2914,"time":"2025-03-17T13:45:15+07:00","message":"Handled request"}
{"level":"info","method":"GET","path":"/swagger/swagger-ui-standalone-preset.js","status":200,"duration":0.6195,"time":"2025-03-17T13:45:15+07:00","message":"Handled request"}
{"level":"info","method":"GET","path":"/swagger/doc.json","status":200,"duration":0.998,"time":"2025-03-17T13:45:15+07:00","message":"Handled request"}
{"level":"info","method":"GET","path":"/swagger/favicon-32x32.png","status":200,"duration":0,"time":"2025-03-17T13:45:15+07:00","message":"Handled request"}
{"level":"info","method":"POST","path":"/back-office-service/api/v1/login","status":200,"duration":53.6568,"time":"2025-03-17T13:45:20+07:00","message":"Handled request"}
{"level":"info","method":"GET","path":"/back-office-service/api/v1/gps-models","status":200,"duration":39.6153,"time":"2025-03-17T13:45:30+07:00","message":"Handled request"}
{"level":"info","method":"GET","path":"/back-office-service/api/v1/gps-models","status":400,"duration":28.1199,"time":"2025-03-17T13:46:01+07:00","message":"Handled request"}
{"level":"info","method":"GET","path":"/back-office-service/api/v1/gps-models","status":400,"duration":27.2274,"time":"2025-03-17T13:46:05+07:00","message":"Handled request"}
{"level":"info","method":"GET","path":"/back-office-service/api/v1/gps-models","status":400,"duration":22.1953,"time":"2025-03-17T13:46:11+07:00","message":"Handled request"}
{"level":"info","method":"GET","path":"/back-office-service/api/v1/gps-models","status":400,"duration":25.921,"time":"2025-03-17T13:46:13+07:00","message":"Handled request"}
{"level":"info","method":"GET","path":"/back-office-service/api/v1/gps-models","status":400,"duration":25.4689,"time":"2025-03-17T13:46:16+07:00","message":"Handled request"}
{"level":"info","method":"GET","path":"/back-office-service/api/v1/gps-models","status":400,"duration":26.0011,"time":"2025-03-17T13:46:21+07:00","message":"Handled request"}
{"level":"info","method":"GET","path":"/back-office-service/api/v1/gps-models","status":200,"duration":37.1477,"time":"2025-03-17T13:46:25+07:00","message":"Handled request"}
{"level":"info","method":"GET","path":"/back-office-service/api/v1/gps-brands","status":200,"duration":39.3449,"time":"2025-03-17T13:46:32+07:00","message":"Handled request"}
{"level":"info","method":"GET","path":"/swagger/index.html","status":200,"duration":1.1973,"time":"2025-03-17T14:00:09+07:00","message":"Handled request"}
{"level":"info","method":"GET","path":"/swagger/swagger-ui.css","status":200,"duration":0.5086,"time":"2025-03-17T14:00:09+07:00","message":"Handled request"}
{"level":"info","method":"GET","path":"/swagger/swagger-ui-standalone-preset.js","status":200,"duration":1.0409,"time":"2025-03-17T14:00:09+07:00","message":"Handled request"}
{"level":"info","method":"GET","path":"/swagger/swagger-ui-bundle.js","status":200,"duration":5.9707,"time":"2025-03-17T14:00:09+07:00","message":"Handled request"}
{"level":"info","method":"GET","path":"/swagger/doc.json","status":200,"duration":0.9119,"time":"2025-03-17T14:00:09+07:00","message":"Handled request"}
{"level":"info","method":"POST","path":"/back-office-service/api/v1/login","status":200,"duration":58.3661,"time":"2025-03-17T14:00:31+07:00","message":"Handled request"}
{"level":"info","method":"GET","path":"/back-office-service/api/v1/gps-brands","status":200,"duration":46.7779,"time":"2025-03-17T14:01:01+07:00","message":"Handled request"}
{"level":"info","method":"GET","path":"/back-office-service/api/v1/gps-models","status":200,"duration":51.9258,"time":"2025-03-17T14:01:16+07:00","message":"Handled request"}
{"level":"info","method":"GET","path":"/back-office-service/api/v1/gps-models","status":200,"duration":78.8566,"time":"2025-03-17T14:01:28+07:00","message":"Handled request"}
{"level":"info","method":"GET","path":"/back-office-service/api/v1/gps-status","status":200,"duration":43.7726,"time":"2025-03-17T14:01:49+07:00","message":"Handled request"}
{"level":"info","method":"GET","path":"/swagger/index.html","status":200,"duration":0.5143,"time":"2025-03-17T14:09:01+07:00","message":"Handled request"}
{"level":"info","method":"GET","path":"/swagger/swagger-ui.css","status":200,"duration":0.2983,"time":"2025-03-17T14:09:01+07:00","message":"Handled request"}
{"level":"info","method":"GET","path":"/swagger/swagger-ui-standalone-preset.js","status":200,"duration":0,"time":"2025-03-17T14:09:01+07:00","message":"Handled request"}
{"level":"info","method":"GET","path":"/swagger/swagger-ui-bundle.js","status":200,"duration":6.2578,"time":"2025-03-17T14:09:01+07:00","message":"Handled request"}
{"level":"info","method":"GET","path":"/swagger/doc.json","status":200,"duration":0.2666,"time":"2025-03-17T14:09:01+07:00","message":"Handled request"}
{"level":"info","method":"GET","path":"/swagger/favicon-32x32.png","status":200,"duration":0,"time":"2025-03-17T14:09:01+07:00","message":"Handled request"}
{"level":"info","method":"POST","path":"/back-office-service/api/v1/login","status":200,"duration":52.1784,"time":"2025-03-17T14:09:08+07:00","message":"Handled request"}
{"level":"info","method":"GET","path":"/back-office-service/api/v1/gps-models","status":401,"duration":0,"time":"2025-03-17T14:09:25+07:00","message":"Handled request"}
{"level":"info","method":"GET","path":"/back-office-service/api/v1/gps-models","status":400,"duration":27.7283,"time":"2025-03-17T14:09:37+07:00","message":"Handled request"}
{"level":"info","method":"GET","path":"/swagger/index.html","status":200,"duration":0.9227,"time":"2025-03-17T14:11:49+07:00","message":"Handled request"}
{"level":"info","method":"GET","path":"/swagger/swagger-ui.css","status":200,"duration":0,"time":"2025-03-17T14:11:49+07:00","message":"Handled request"}
{"level":"info","method":"GET","path":"/swagger/swagger-ui-bundle.js","status":200,"duration":1.0719,"time":"2025-03-17T14:11:49+07:00","message":"Handled request"}
{"level":"info","method":"GET","path":"/swagger/swagger-ui-standalone-preset.js","status":200,"duration":0.5178,"time":"2025-03-17T14:11:49+07:00","message":"Handled request"}
{"level":"info","method":"GET","path":"/swagger/doc.json","status":200,"duration":0.4896,"time":"2025-03-17T14:11:49+07:00","message":"Handled request"}
{"level":"info","method":"GET","path":"/swagger/favicon-32x32.png","status":200,"duration":0,"time":"2025-03-17T14:11:49+07:00","message":"Handled request"}
{"level":"info","method":"POST","path":"/back-office-service/api/v1/login","status":200,"duration":53.1762,"time":"2025-03-17T14:11:58+07:00","message":"Handled request"}
{"level":"info","method":"GET","path":"/back-office-service/api/v1/gps-models","status":400,"duration":114.5032,"time":"2025-03-17T14:12:15+07:00","message":"Handled request"}
{"level":"info","method":"GET","path":"/swagger/index.html","status":200,"duration":0,"time":"2025-03-17T14:16:04+07:00","message":"Handled request"}
{"level":"info","method":"GET","path":"/swagger/swagger-ui.css","status":200,"duration":0.6859,"time":"2025-03-17T14:16:04+07:00","message":"Handled request"}
{"level":"info","method":"GET","path":"/swagger/swagger-ui-standalone-preset.js","status":200,"duration":0.6859,"time":"2025-03-17T14:16:04+07:00","message":"Handled request"}
{"level":"info","method":"GET","path":"/swagger/swagger-ui-bundle.js","status":200,"duration":2.4426,"time":"2025-03-17T14:16:04+07:00","message":"Handled request"}
{"level":"info","method":"GET","path":"/swagger/doc.json","status":200,"duration":1.1423,"time":"2025-03-17T14:16:04+07:00","message":"Handled request"}
{"level":"info","method":"GET","path":"/swagger/favicon-32x32.png","status":200,"duration":0.5073,"time":"2025-03-17T14:16:04+07:00","message":"Handled request"}
{"level":"info","method":"POST","path":"/back-office-service/api/v1/login","status":200,"duration":49.6838,"time":"2025-03-17T14:16:20+07:00","message":"Handled request"}
{"level":"info","method":"GET","path":"/back-office-service/api/v1/gps-models","status":400,"duration":27.373,"time":"2025-03-17T14:16:40+07:00","message":"Handled request"}
{"level":"info","method":"GET","path":"/swagger/index.html","status":200,"duration":0.5064,"time":"2025-03-17T14:19:21+07:00","message":"Handled request"}
{"level":"info","method":"GET","path":"/swagger/swagger-ui.css","status":200,"duration":0.9745,"time":"2025-03-17T14:19:21+07:00","message":"Handled request"}
{"level":"info","method":"GET","path":"/swagger/swagger-ui-bundle.js","status":200,"duration":1.4819,"time":"2025-03-17T14:19:21+07:00","message":"Handled request"}
{"level":"info","method":"GET","path":"/swagger/swagger-ui-standalone-preset.js","status":200,"duration":1.0106,"time":"2025-03-17T14:19:21+07:00","message":"Handled request"}
{"level":"info","method":"GET","path":"/swagger/doc.json","status":200,"duration":1.4668,"time":"2025-03-17T14:19:21+07:00","message":"Handled request"}
{"level":"info","method":"GET","path":"/swagger/favicon-32x32.png","status":200,"duration":0,"time":"2025-03-17T14:19:21+07:00","message":"Handled request"}
{"level":"info","method":"POST","path":"/back-office-service/api/v1/login","status":200,"duration":46.5912,"time":"2025-03-17T14:19:25+07:00","message":"Handled request"}
{"level":"info","method":"GET","path":"/back-office-service/api/v1/gps-models","status":200,"duration":34.5252,"time":"2025-03-17T14:20:00+07:00","message":"Handled request"}
{"level":"info","method":"GET","path":"/swagger/index.html","status":200,"duration":1.1555,"time":"2025-03-17T14:25:18+07:00","message":"Handled request"}
{"level":"info","method":"GET","path":"/swagger/swagger-ui.css","status":200,"duration":0,"time":"2025-03-17T14:25:18+07:00","message":"Handled request"}
{"level":"info","method":"GET","path":"/swagger/swagger-ui-standalone-preset.js","status":200,"duration":0.5037,"time":"2025-03-17T14:25:18+07:00","message":"Handled request"}
{"level":"info","method":"GET","path":"/swagger/swagger-ui-bundle.js","status":200,"duration":5.5461,"time":"2025-03-17T14:25:18+07:00","message":"Handled request"}
{"level":"info","method":"GET","path":"/swagger/doc.json","status":200,"duration":0.9384,"time":"2025-03-17T14:25:18+07:00","message":"Handled request"}
{"level":"info","method":"GET","path":"/swagger/favicon-32x32.png","status":200,"duration":1.0063,"time":"2025-03-17T14:25:18+07:00","message":"Handled request"}
{"level":"info","method":"POST","path":"/back-office-service/api/v1/login","status":200,"duration":71.699,"time":"2025-03-17T14:25:34+07:00","message":"Handled request"}
{"level":"info","method":"GET","path":"/back-office-service/api/v1/gps-brands","status":200,"duration":41.1303,"time":"2025-03-17T14:26:03+07:00","message":"Handled request"}
{"level":"info","method":"GET","path":"/back-office-service/api/v1/gps-brands","status":200,"duration":33.8411,"time":"2025-03-17T14:29:30+07:00","message":"Handled request"}
{"level":"info","method":"GET","path":"/back-office-service/api/v1/gps-models","status":200,"duration":39.922,"time":"2025-03-17T14:29:44+07:00","message":"Handled request"}
{"level":"info","method":"GET","path":"/back-office-service/api/v1/gps-models","status":404,"duration":55.458,"time":"2025-03-17T14:29:57+07:00","message":"Handled request"}
{"level":"info","method":"GET","path":"/back-office-service/api/v1/gps-models","status":400,"duration":22.4228,"time":"2025-03-17T14:30:17+07:00","message":"Handled request"}
{"level":"info","method":"GET","path":"/back-office-service/api/v1/gps-brands","status":200,"duration":42.1473,"time":"2025-03-17T14:30:32+07:00","message":"Handled request"}
{"level":"info","method":"GET","path":"/back-office-service/api/v1/gps-brands","status":200,"duration":41.2908,"time":"2025-03-17T14:33:31+07:00","message":"Handled request"}
{"level":"info","method":"GET","path":"/back-office-service/api/v1/gps-models","status":404,"duration":43.9297,"time":"2025-03-17T14:33:48+07:00","message":"Handled request"}
{"level":"info","method":"GET","path":"/back-office-service/api/v1/gps-models","status":200,"duration":69.4825,"time":"2025-03-17T14:35:21+07:00","message":"Handled request"}
