{"level":"info","method":"GET","path":"/swagger/index.html","status":200,"duration":0,"time":"2025-03-13T09:35:30+07:00","message":"Handled request"}
{"level":"info","method":"GET","path":"/swagger/swagger-ui.css","status":200,"duration":0.4543,"time":"2025-03-13T09:35:31+07:00","message":"Handled request"}
{"level":"info","method":"GET","path":"/swagger/swagger-ui-standalone-preset.js","status":200,"duration":1.0435,"time":"2025-03-13T09:35:31+07:00","message":"Handled request"}
{"level":"info","method":"GET","path":"/swagger/swagger-ui-bundle.js","status":200,"duration":4.9932,"time":"2025-03-13T09:35:31+07:00","message":"Handled request"}
{"level":"info","method":"GET","path":"/swagger/doc.json","status":200,"duration":0,"time":"2025-03-13T09:35:31+07:00","message":"Handled request"}
{"level":"info","method":"GET","path":"/swagger/index.html","status":200,"duration":0.632,"time":"2025-03-13T09:50:51+07:00","message":"Handled request"}
{"level":"info","method":"GET","path":"/swagger/swagger-ui.css","status":200,"duration":1.5063,"time":"2025-03-13T09:50:51+07:00","message":"Handled request"}
{"level":"info","method":"GET","path":"/swagger/swagger-ui-standalone-preset.js","status":200,"duration":1.5063,"time":"2025-03-13T09:50:51+07:00","message":"Handled request"}
{"level":"info","method":"GET","path":"/swagger/swagger-ui-bundle.js","status":200,"duration":44.5572,"time":"2025-03-13T09:50:51+07:00","message":"Handled request"}
{"level":"info","method":"GET","path":"/swagger/doc.json","status":200,"duration":0.0549,"time":"2025-03-13T09:50:52+07:00","message":"Handled request"}
{"level":"info","method":"POST","path":"/back-office-service/api/v1/login","status":200,"duration":160.8489,"time":"2025-03-13T09:51:13+07:00","message":"Handled request"}
{"level":"info","method":"GET","path":"/back-office-service/api/v1/get-province-language","status":404,"duration":0.0663,"time":"2025-03-13T09:51:28+07:00","message":"Handled request"}
{"level":"info","method":"GET","path":"/back-office-service/api/v1/get-province-language","status":404,"duration":0,"time":"2025-03-13T09:51:52+07:00","message":"Handled request"}
{"level":"info","method":"GET","path":"/back-office-service/api/v1/get-province-language","status":404,"duration":0.5613,"time":"2025-03-13T09:53:10+07:00","message":"Handled request"}
{"level":"info","method":"GET","path":"/back-office-service/api/v1/get-province-language","status":404,"duration":0,"time":"2025-03-13T09:54:12+07:00","message":"Handled request"}
{"level":"info","method":"GET","path":"/back-office-service/api/v1/get-province-language","status":200,"duration":98.0137,"time":"2025-03-13T09:55:23+07:00","message":"Handled request"}
{"level":"info","method":"GET","path":"/back-office-service/api/v1/get-province-language","status":200,"duration":64.1337,"time":"2025-03-13T09:59:12+07:00","message":"Handled request"}
{"level":"info","method":"GET","path":"/swagger/index.html","status":200,"duration":0.1908,"time":"2025-03-13T10:00:11+07:00","message":"Handled request"}
{"level":"info","method":"GET","path":"/swagger/swagger-ui.css","status":200,"duration":0.5077,"time":"2025-03-13T10:00:11+07:00","message":"Handled request"}
{"level":"info","method":"GET","path":"/swagger/swagger-ui-standalone-preset.js","status":200,"duration":0.5077,"time":"2025-03-13T10:00:11+07:00","message":"Handled request"}
{"level":"info","method":"GET","path":"/swagger/swagger-ui-bundle.js","status":200,"duration":2.2642,"time":"2025-03-13T10:00:11+07:00","message":"Handled request"}
{"level":"info","method":"GET","path":"/swagger/doc.json","status":200,"duration":0.7886,"time":"2025-03-13T10:00:12+07:00","message":"Handled request"}
{"level":"info","method":"GET","path":"/back-office-service/api/v1/get-province-language","status":401,"duration":0.2174,"time":"2025-03-13T10:00:42+07:00","message":"Handled request"}
{"level":"info","method":"GET","path":"/swagger/index.html","status":200,"duration":0,"time":"2025-03-13T10:01:11+07:00","message":"Handled request"}
{"level":"info","method":"GET","path":"/swagger/swagger-ui.css","status":304,"duration":0,"time":"2025-03-13T10:01:11+07:00","message":"Handled request"}
{"level":"info","method":"GET","path":"/swagger/swagger-ui-bundle.js","status":304,"duration":0,"time":"2025-03-13T10:01:11+07:00","message":"Handled request"}
{"level":"info","method":"GET","path":"/swagger/swagger-ui-standalone-preset.js","status":304,"duration":0,"time":"2025-03-13T10:01:11+07:00","message":"Handled request"}
{"level":"info","method":"GET","path":"/swagger/doc.json","status":200,"duration":0,"time":"2025-03-13T10:01:11+07:00","message":"Handled request"}
{"level":"info","method":"GET","path":"/back-office-service/api/v1/get-province-language","status":401,"duration":0,"time":"2025-03-13T10:01:22+07:00","message":"Handled request"}
{"level":"info","method":"POST","path":"/back-office-service/api/v1/login","status":200,"duration":42.3114,"time":"2025-03-13T10:04:21+07:00","message":"Handled request"}
{"level":"info","method":"GET","path":"/back-office-service/api/v1/get-province-language","status":401,"duration":0,"time":"2025-03-13T10:04:50+07:00","message":"Handled request"}
{"level":"info","method":"GET","path":"/back-office-service/api/v1/get-province-language","status":200,"duration":60.0843,"time":"2025-03-13T10:05:09+07:00","message":"Handled request"}
{"level":"info","method":"GET","path":"/back-office-service/api/v1/get-province-language","status":200,"duration":271.7662,"time":"2025-03-13T10:05:13+07:00","message":"Handled request"}
{"level":"info","method":"GET","path":"/swagger/index.html","status":200,"duration":0,"time":"2025-03-13T10:07:54+07:00","message":"Handled request"}
{"level":"info","method":"GET","path":"/swagger/swagger-ui.css","status":200,"duration":1.0024,"time":"2025-03-13T10:07:54+07:00","message":"Handled request"}
{"level":"info","method":"GET","path":"/swagger/swagger-ui-standalone-preset.js","status":200,"duration":0.5395,"time":"2025-03-13T10:07:54+07:00","message":"Handled request"}
{"level":"info","method":"GET","path":"/swagger/swagger-ui-bundle.js","status":200,"duration":4.1899,"time":"2025-03-13T10:07:54+07:00","message":"Handled request"}
{"level":"info","method":"GET","path":"/swagger/doc.json","status":200,"duration":0.6129,"time":"2025-03-13T10:07:55+07:00","message":"Handled request"}
{"level":"info","method":"POST","path":"/back-office-service/api/v1/login","status":200,"duration":53.0973,"time":"2025-03-13T10:08:25+07:00","message":"Handled request"}
{"level":"info","method":"GET","path":"/back-office-service/api/v1/get-province-language","status":401,"duration":0,"time":"2025-03-13T10:08:48+07:00","message":"Handled request"}
{"level":"info","method":"GET","path":"/swagger/index.html","status":200,"duration":1.03,"time":"2025-03-13T10:19:01+07:00","message":"Handled request"}
{"level":"info","method":"GET","path":"/swagger/swagger-ui.css","status":200,"duration":0.1473,"time":"2025-03-13T10:19:01+07:00","message":"Handled request"}
{"level":"info","method":"GET","path":"/swagger/swagger-ui-standalone-preset.js","status":200,"duration":0.7003,"time":"2025-03-13T10:19:01+07:00","message":"Handled request"}
{"level":"info","method":"GET","path":"/swagger/swagger-ui-bundle.js","status":200,"duration":5.1188,"time":"2025-03-13T10:19:01+07:00","message":"Handled request"}
{"level":"info","method":"GET","path":"/swagger/doc.json","status":200,"duration":0,"time":"2025-03-13T10:19:01+07:00","message":"Handled request"}
{"level":"info","method":"GET","path":"/back-office-service/api/v1/get-province","status":401,"duration":0.7273,"time":"2025-03-13T10:19:34+07:00","message":"Handled request"}
{"level":"info","method":"GET","path":"/swagger/index.html","status":200,"duration":0.6628,"time":"2025-03-13T10:21:08+07:00","message":"Handled request"}
{"level":"info","method":"GET","path":"/swagger/swagger-ui.css","status":200,"duration":0.8332,"time":"2025-03-13T10:21:08+07:00","message":"Handled request"}
{"level":"info","method":"GET","path":"/swagger/swagger-ui-standalone-preset.js","status":200,"duration":2.3611,"time":"2025-03-13T10:21:08+07:00","message":"Handled request"}
{"level":"info","method":"GET","path":"/swagger/swagger-ui-bundle.js","status":200,"duration":2.3611,"time":"2025-03-13T10:21:08+07:00","message":"Handled request"}
{"level":"info","method":"GET","path":"/swagger/doc.json","status":200,"duration":0.7708,"time":"2025-03-13T10:21:08+07:00","message":"Handled request"}
{"level":"info","method":"GET","path":"/swagger/favicon-32x32.png","status":200,"duration":0,"time":"2025-03-13T10:21:08+07:00","message":"Handled request"}
{"level":"info","method":"GET","path":"/back-office-service/api/v1/get-province","status":401,"duration":0.9245,"time":"2025-03-13T10:21:17+07:00","message":"Handled request"}
{"level":"info","method":"GET","path":"/swagger/index.html","status":200,"duration":0.9336,"time":"2025-03-13T10:26:22+07:00","message":"Handled request"}
{"level":"info","method":"GET","path":"/swagger/swagger-ui.css","status":200,"duration":0.5359,"time":"2025-03-13T10:26:22+07:00","message":"Handled request"}
{"level":"info","method":"GET","path":"/swagger/swagger-ui-standalone-preset.js","status":200,"duration":0.5359,"time":"2025-03-13T10:26:22+07:00","message":"Handled request"}
{"level":"info","method":"GET","path":"/swagger/swagger-ui-bundle.js","status":200,"duration":5.1562,"time":"2025-03-13T10:26:22+07:00","message":"Handled request"}
{"level":"info","method":"GET","path":"/swagger/doc.json","status":200,"duration":0.8258,"time":"2025-03-13T10:26:22+07:00","message":"Handled request"}
{"level":"info","method":"GET","path":"/back-office-service/api/v1/get-province","status":401,"duration":0.3601,"time":"2025-03-13T10:26:41+07:00","message":"Handled request"}
{"level":"info","method":"POST","path":"/back-office-service/api/v1/login","status":200,"duration":142.4472,"time":"2025-03-13T10:30:19+07:00","message":"Handled request"}
{"level":"info","method":"GET","path":"/swagger/index.html","status":200,"duration":0.4739,"time":"2025-03-13T10:34:11+07:00","message":"Handled request"}
{"level":"info","method":"GET","path":"/swagger/swagger-ui.css","status":200,"duration":0.6668,"time":"2025-03-13T10:34:11+07:00","message":"Handled request"}
{"level":"info","method":"GET","path":"/swagger/swagger-ui-bundle.js","status":200,"duration":3.7516,"time":"2025-03-13T10:34:11+07:00","message":"Handled request"}
{"level":"info","method":"GET","path":"/swagger/swagger-ui-standalone-preset.js","status":200,"duration":4.5073,"time":"2025-03-13T10:34:11+07:00","message":"Handled request"}
{"level":"info","method":"GET","path":"/swagger/doc.json","status":200,"duration":0.8757,"time":"2025-03-13T10:34:12+07:00","message":"Handled request"}
{"level":"info","method":"GET","path":"/swagger/favicon-32x32.png","status":200,"duration":0,"time":"2025-03-13T10:34:12+07:00","message":"Handled request"}
{"level":"info","method":"GET","path":"/back-office-service/api/v1/get-province","status":401,"duration":0.5438,"time":"2025-03-13T10:34:31+07:00","message":"Handled request"}
{"level":"info","method":"POST","path":"/back-office-service/api/v1/get-dictrict","status":404,"duration":0,"time":"2025-03-13T10:59:47+07:00","message":"Handled request"}
{"level":"info","method":"GET","path":"/swagger/index.html","status":200,"duration":1.4285,"time":"2025-03-13T11:01:52+07:00","message":"Handled request"}
{"level":"info","method":"GET","path":"/swagger/swagger-ui.css","status":200,"duration":3.1007,"time":"2025-03-13T11:01:52+07:00","message":"Handled request"}
{"level":"info","method":"GET","path":"/swagger/swagger-ui-standalone-preset.js","status":200,"duration":0.9681,"time":"2025-03-13T11:01:52+07:00","message":"Handled request"}
{"level":"info","method":"GET","path":"/swagger/swagger-ui-bundle.js","status":200,"duration":3.0623,"time":"2025-03-13T11:01:52+07:00","message":"Handled request"}
{"level":"info","method":"GET","path":"/swagger/doc.json","status":200,"duration":0,"time":"2025-03-13T11:01:52+07:00","message":"Handled request"}
{"level":"info","method":"POST","path":"/back-office-service/api/v1/login","status":200,"duration":92.4934,"time":"2025-03-13T11:02:38+07:00","message":"Handled request"}
{"level":"info","method":"POST","path":"/back-office-service/api/v1/get-dictrict","status":404,"duration":0,"time":"2025-03-13T11:03:13+07:00","message":"Handled request"}
{"level":"info","method":"POST","path":"/back-office-service/api/v1/get-dictrict","status":404,"duration":0,"time":"2025-03-13T11:03:23+07:00","message":"Handled request"}
{"level":"info","method":"POST","path":"/back-office-service/api/v1/get-district","status":200,"duration":52.1314,"time":"2025-03-13T11:05:07+07:00","message":"Handled request"}
{"level":"info","method":"POST","path":"/back-office-service/api/v1/get-district","status":200,"duration":36.4461,"time":"2025-03-13T11:06:41+07:00","message":"Handled request"}
{"level":"info","method":"POST","path":"/back-office-service/api/v1/get-district","status":400,"duration":25.8278,"time":"2025-03-13T11:08:47+07:00","message":"Handled request"}
{"level":"info","method":"POST","path":"/back-office-service/api/v1/get-district","status":400,"duration":31.3636,"time":"2025-03-13T11:08:53+07:00","message":"Handled request"}
{"level":"info","method":"POST","path":"/back-office-service/api/v1/get-district","status":400,"duration":27.0177,"time":"2025-03-13T11:08:58+07:00","message":"Handled request"}
{"level":"info","method":"POST","path":"/back-office-service/api/v1/get-district","status":200,"duration":35.1643,"time":"2025-03-13T11:09:02+07:00","message":"Handled request"}
{"level":"info","method":"POST","path":"/back-office-service/api/v1/get-district","status":400,"duration":23.5412,"time":"2025-03-13T11:10:18+07:00","message":"Handled request"}
{"level":"info","method":"POST","path":"/back-office-service/api/v1/get-district","status":200,"duration":54.6976,"time":"2025-03-13T11:10:36+07:00","message":"Handled request"}
{"level":"info","method":"POST","path":"/back-office-service/api/v1/get-district","status":400,"duration":23.821,"time":"2025-03-13T11:11:35+07:00","message":"Handled request"}
{"level":"info","method":"POST","path":"/back-office-service/api/v1/get-district","status":400,"duration":21.5167,"time":"2025-03-13T11:20:27+07:00","message":"Handled request"}
{"level":"info","method":"POST","path":"/back-office-service/api/v1/get-district","status":400,"duration":22.0096,"time":"2025-03-13T11:20:37+07:00","message":"Handled request"}
{"level":"info","method":"POST","path":"/back-office-service/api/v1/get-district","status":200,"duration":48.67,"time":"2025-03-13T11:20:53+07:00","message":"Handled request"}
{"level":"info","method":"GET","path":"/back-office-service/api/v1/get-province-language","status":404,"duration":0,"time":"2025-03-13T11:21:26+07:00","message":"Handled request"}
{"level":"info","method":"GET","path":"/back-office-service/api/v1/get-province-language","status":404,"duration":0,"time":"2025-03-13T11:21:52+07:00","message":"Handled request"}
{"level":"info","method":"GET","path":"/back-office-service/api/v1/get-province","status":400,"duration":22.9123,"time":"2025-03-13T11:22:07+07:00","message":"Handled request"}
{"level":"info","method":"GET","path":"/back-office-service/api/v1/get-province","status":200,"duration":32.6352,"time":"2025-03-13T11:22:22+07:00","message":"Handled request"}
{"level":"info","method":"POST","path":"/back-office-service/api/v1/get-district","status":200,"duration":117.3539,"time":"2025-03-13T11:25:33+07:00","message":"Handled request"}
{"level":"info","method":"GET","path":"/back-office-service/api/v1/get-province","status":200,"duration":36.5012,"time":"2025-03-13T11:25:39+07:00","message":"Handled request"}
{"level":"info","method":"GET","path":"/back-office-service/api/v1/get-province","status":401,"duration":0.5325,"time":"2025-03-13T13:44:28+07:00","message":"Handled request"}
{"level":"info","method":"GET","path":"/swagger/index.html","status":200,"duration":1.0056,"time":"2025-03-13T13:44:56+07:00","message":"Handled request"}
{"level":"info","method":"GET","path":"/swagger/swagger-ui.css","status":200,"duration":1.9304,"time":"2025-03-13T13:44:56+07:00","message":"Handled request"}
{"level":"info","method":"GET","path":"/swagger/swagger-ui-standalone-preset.js","status":200,"duration":1.3879,"time":"2025-03-13T13:44:56+07:00","message":"Handled request"}
{"level":"info","method":"GET","path":"/swagger/swagger-ui-bundle.js","status":200,"duration":6.6153,"time":"2025-03-13T13:44:56+07:00","message":"Handled request"}
{"level":"info","method":"GET","path":"/swagger/doc.json","status":200,"duration":0.6445,"time":"2025-03-13T13:44:57+07:00","message":"Handled request"}
{"level":"info","method":"GET","path":"/swagger/index.html","status":200,"duration":0.8369,"time":"2025-03-13T13:45:27+07:00","message":"Handled request"}
{"level":"info","method":"GET","path":"/swagger/swagger-ui.css","status":200,"duration":0.35,"time":"2025-03-13T13:45:27+07:00","message":"Handled request"}
{"level":"info","method":"GET","path":"/swagger/swagger-ui-bundle.js","status":200,"duration":1.6167,"time":"2025-03-13T13:45:27+07:00","message":"Handled request"}
{"level":"info","method":"GET","path":"/swagger/swagger-ui-standalone-preset.js","status":200,"duration":1.0515,"time":"2025-03-13T13:45:27+07:00","message":"Handled request"}
{"level":"info","method":"GET","path":"/swagger/doc.json","status":200,"duration":0.2787,"time":"2025-03-13T13:45:27+07:00","message":"Handled request"}
{"level":"info","method":"POST","path":"/back-office-service/api/v1/login","status":200,"duration":57.0601,"time":"2025-03-13T13:46:02+07:00","message":"Handled request"}
{"level":"info","method":"GET","path":"/back-office-service/api/v1/get-province","status":200,"duration":38.8534,"time":"2025-03-13T13:46:33+07:00","message":"Handled request"}
{"level":"info","method":"GET","path":"/swagger/index.html","status":200,"duration":0.5149,"time":"2025-03-13T13:54:06+07:00","message":"Handled request"}
{"level":"info","method":"GET","path":"/swagger/swagger-ui.css","status":200,"duration":0.9786,"time":"2025-03-13T13:54:06+07:00","message":"Handled request"}
{"level":"info","method":"GET","path":"/swagger/swagger-ui-standalone-preset.js","status":200,"duration":4.8875,"time":"2025-03-13T13:54:06+07:00","message":"Handled request"}
{"level":"info","method":"GET","path":"/swagger/swagger-ui-bundle.js","status":200,"duration":10.3704,"time":"2025-03-13T13:54:06+07:00","message":"Handled request"}
{"level":"info","method":"GET","path":"/swagger/doc.json","status":200,"duration":0.341,"time":"2025-03-13T13:54:07+07:00","message":"Handled request"}
{"level":"info","method":"GET","path":"/back-office-service/api/v1/get-province","status":200,"duration":47.0206,"time":"2025-03-13T13:54:39+07:00","message":"Handled request"}
{"level":"info","method":"GET","path":"/back-office-service/api/v1/get-province","status":200,"duration":37.1011,"time":"2025-03-13T13:55:17+07:00","message":"Handled request"}
{"level":"info","method":"GET","path":"/swagger/index.html","status":200,"duration":0.9285,"time":"2025-03-13T13:58:54+07:00","message":"Handled request"}
{"level":"info","method":"GET","path":"/swagger/swagger-ui.css","status":200,"duration":0,"time":"2025-03-13T13:58:54+07:00","message":"Handled request"}
{"level":"info","method":"GET","path":"/swagger/swagger-ui-bundle.js","status":200,"duration":2.4495,"time":"2025-03-13T13:58:54+07:00","message":"Handled request"}
{"level":"info","method":"GET","path":"/swagger/swagger-ui-standalone-preset.js","status":200,"duration":1.9416,"time":"2025-03-13T13:58:54+07:00","message":"Handled request"}
{"level":"info","method":"GET","path":"/swagger/doc.json","status":200,"duration":0,"time":"2025-03-13T13:58:54+07:00","message":"Handled request"}
{"level":"info","method":"GET","path":"/swagger/index.html","status":200,"duration":1.0103,"time":"2025-03-13T14:00:04+07:00","message":"Handled request"}
{"level":"info","method":"GET","path":"/swagger/swagger-ui.css","status":200,"duration":0,"time":"2025-03-13T14:00:04+07:00","message":"Handled request"}
{"level":"info","method":"GET","path":"/swagger/swagger-ui-standalone-preset.js","status":200,"duration":0,"time":"2025-03-13T14:00:04+07:00","message":"Handled request"}
{"level":"info","method":"GET","path":"/swagger/swagger-ui-bundle.js","status":200,"duration":2.1054,"time":"2025-03-13T14:00:04+07:00","message":"Handled request"}
{"level":"info","method":"GET","path":"/swagger/doc.json","status":200,"duration":0.626,"time":"2025-03-13T14:00:04+07:00","message":"Handled request"}
{"level":"info","method":"GET","path":"/back-office-service/api/v1/get-province","status":200,"duration":41.431,"time":"2025-03-13T14:01:49+07:00","message":"Handled request"}
{"level":"info","method":"POST","path":"/back-office-service/api/v1/get-district","status":401,"duration":0,"time":"2025-03-13T14:09:46+07:00","message":"Handled request"}
{"level":"info","method":"POST","path":"/back-office-service/api/v1/get-district","status":200,"duration":56.2077,"time":"2025-03-13T14:10:07+07:00","message":"Handled request"}
{"level":"info","method":"POST","path":"/back-office-service/api/v1/get-district","status":200,"duration":43.2804,"time":"2025-03-13T14:10:23+07:00","message":"Handled request"}
{"level":"info","method":"POST","path":"/back-office-service/api/v1/get-district","status":200,"duration":47.9952,"time":"2025-03-13T14:10:32+07:00","message":"Handled request"}
{"level":"info","method":"GET","path":"/swagger/index.html","status":200,"duration":1.5427,"time":"2025-03-13T14:11:27+07:00","message":"Handled request"}
{"level":"info","method":"GET","path":"/swagger/swagger-ui.css","status":200,"duration":0.6841,"time":"2025-03-13T14:11:27+07:00","message":"Handled request"}
{"level":"info","method":"GET","path":"/swagger/swagger-ui-standalone-preset.js","status":200,"duration":0.5415,"time":"2025-03-13T14:11:27+07:00","message":"Handled request"}
{"level":"info","method":"GET","path":"/swagger/swagger-ui-bundle.js","status":200,"duration":1.1187,"time":"2025-03-13T14:11:27+07:00","message":"Handled request"}
{"level":"info","method":"GET","path":"/swagger/doc.json","status":200,"duration":0.884,"time":"2025-03-13T14:11:27+07:00","message":"Handled request"}
{"level":"info","method":"GET","path":"/swagger/index.html","status":200,"duration":0.5364,"time":"2025-03-13T14:12:22+07:00","message":"Handled request"}
{"level":"info","method":"GET","path":"/swagger/swagger-ui.css","status":200,"duration":1.0095,"time":"2025-03-13T14:12:22+07:00","message":"Handled request"}
{"level":"info","method":"GET","path":"/swagger/swagger-ui-standalone-preset.js","status":200,"duration":1.0022,"time":"2025-03-13T14:12:22+07:00","message":"Handled request"}
{"level":"info","method":"GET","path":"/swagger/swagger-ui-bundle.js","status":200,"duration":2.5808,"time":"2025-03-13T14:12:22+07:00","message":"Handled request"}
{"level":"info","method":"GET","path":"/swagger/doc.json","status":200,"duration":0.0515,"time":"2025-03-13T14:12:22+07:00","message":"Handled request"}
{"level":"info","method":"GET","path":"/swagger/index.html","status":200,"duration":0.5083,"time":"2025-03-13T14:18:37+07:00","message":"Handled request"}
{"level":"info","method":"GET","path":"/swagger/swagger-ui.css","status":200,"duration":1.1241,"time":"2025-03-13T14:18:37+07:00","message":"Handled request"}
{"level":"info","method":"GET","path":"/swagger/swagger-ui-standalone-preset.js","status":200,"duration":2.315,"time":"2025-03-13T14:18:37+07:00","message":"Handled request"}
{"level":"info","method":"GET","path":"/swagger/swagger-ui-bundle.js","status":200,"duration":6.1106,"time":"2025-03-13T14:18:37+07:00","message":"Handled request"}
{"level":"info","method":"GET","path":"/swagger/doc.json","status":200,"duration":1.1664,"time":"2025-03-13T14:18:37+07:00","message":"Handled request"}
{"level":"info","method":"GET","path":"/swagger/index.html","status":200,"duration":1.0063,"time":"2025-03-13T14:19:32+07:00","message":"Handled request"}
{"level":"info","method":"GET","path":"/swagger/swagger-ui.css","status":200,"duration":1.0942,"time":"2025-03-13T14:19:32+07:00","message":"Handled request"}
{"level":"info","method":"GET","path":"/swagger/swagger-ui-standalone-preset.js","status":200,"duration":0.5073,"time":"2025-03-13T14:19:32+07:00","message":"Handled request"}
{"level":"info","method":"GET","path":"/swagger/swagger-ui-bundle.js","status":200,"duration":1.1236,"time":"2025-03-13T14:19:32+07:00","message":"Handled request"}
{"level":"info","method":"GET","path":"/swagger/doc.json","status":200,"duration":0.4457,"time":"2025-03-13T14:19:32+07:00","message":"Handled request"}
{"level":"info","method":"POST","path":"/back-office-service/api/v1/province/get-district","status":200,"duration":45.3695,"time":"2025-03-13T14:20:09+07:00","message":"Handled request"}
{"level":"info","method":"POST","path":"/back-office-service/api/v1/province/get-district","status":200,"duration":47.0838,"time":"2025-03-13T14:20:28+07:00","message":"Handled request"}
{"level":"info","method":"POST","path":"/back-office-service/api/v1/province/get-district","status":200,"duration":38.8587,"time":"2025-03-13T14:20:53+07:00","message":"Handled request"}
{"level":"info","method":"GET","path":"/swagger/index.html","status":200,"duration":0.607,"time":"2025-03-13T14:24:21+07:00","message":"Handled request"}
{"level":"info","method":"GET","path":"/swagger/swagger-ui.css","status":200,"duration":0.9819,"time":"2025-03-13T14:24:21+07:00","message":"Handled request"}
{"level":"info","method":"GET","path":"/swagger/swagger-ui-standalone-preset.js","status":200,"duration":0.858,"time":"2025-03-13T14:24:21+07:00","message":"Handled request"}
{"level":"info","method":"GET","path":"/swagger/swagger-ui-bundle.js","status":200,"duration":2.013,"time":"2025-03-13T14:24:21+07:00","message":"Handled request"}
{"level":"info","method":"GET","path":"/swagger/doc.json","status":200,"duration":0.4521,"time":"2025-03-13T14:24:21+07:00","message":"Handled request"}
{"level":"info","method":"GET","path":"/swagger/favicon-32x32.png","status":200,"duration":0,"time":"2025-03-13T14:24:21+07:00","message":"Handled request"}
{"level":"info","method":"GET","path":"/back-office-service/api/v1/province/get-district","status":404,"duration":0.352,"time":"2025-03-13T14:24:50+07:00","message":"Handled request"}
{"level":"info","method":"GET","path":"/swagger/index.html","status":200,"duration":0,"time":"2025-03-13T14:26:51+07:00","message":"Handled request"}
{"level":"info","method":"GET","path":"/swagger/swagger-ui.css","status":200,"duration":0.9238,"time":"2025-03-13T14:26:51+07:00","message":"Handled request"}
{"level":"info","method":"GET","path":"/swagger/swagger-ui-standalone-preset.js","status":200,"duration":1.127,"time":"2025-03-13T14:26:51+07:00","message":"Handled request"}
{"level":"info","method":"GET","path":"/swagger/swagger-ui-bundle.js","status":200,"duration":4.188,"time":"2025-03-13T14:26:51+07:00","message":"Handled request"}
{"level":"info","method":"GET","path":"/swagger/doc.json","status":200,"duration":0,"time":"2025-03-13T14:26:51+07:00","message":"Handled request"}
{"level":"info","method":"GET","path":"/swagger/favicon-32x32.png","status":200,"duration":0,"time":"2025-03-13T14:26:51+07:00","message":"Handled request"}
{"level":"info","method":"GET","path":"/back-office-service/api/v1/districts","status":200,"duration":49.8495,"time":"2025-03-13T14:27:39+07:00","message":"Handled request"}
{"level":"info","method":"GET","path":"/back-office-service/api/v1/districts","status":500,"duration":58.6766,"time":"2025-03-13T14:27:48+07:00","message":"Handled request"}
{"level":"info","method":"GET","path":"/swagger/index.html","status":200,"duration":0.6411,"time":"2025-03-13T14:34:16+07:00","message":"Handled request"}
{"level":"info","method":"GET","path":"/swagger/swagger-ui.css","status":200,"duration":1.379,"time":"2025-03-13T14:34:16+07:00","message":"Handled request"}
{"level":"info","method":"GET","path":"/swagger/swagger-ui-standalone-preset.js","status":200,"duration":2.1495,"time":"2025-03-13T14:34:16+07:00","message":"Handled request"}
{"level":"info","method":"GET","path":"/swagger/swagger-ui-bundle.js","status":200,"duration":5.6005,"time":"2025-03-13T14:34:16+07:00","message":"Handled request"}
{"level":"info","method":"GET","path":"/swagger/doc.json","status":200,"duration":0.8186,"time":"2025-03-13T14:34:16+07:00","message":"Handled request"}
{"level":"info","method":"GET","path":"/swagger/index.html","status":200,"duration":0,"time":"2025-03-13T14:34:21+07:00","message":"Handled request"}
{"level":"info","method":"GET","path":"/swagger/swagger-ui.css","status":304,"duration":0,"time":"2025-03-13T14:34:21+07:00","message":"Handled request"}
{"level":"info","method":"GET","path":"/swagger/swagger-ui-standalone-preset.js","status":200,"duration":0.7728,"time":"2025-03-13T14:34:21+07:00","message":"Handled request"}
{"level":"info","method":"GET","path":"/swagger/swagger-ui-bundle.js","status":200,"duration":1.8884,"time":"2025-03-13T14:34:21+07:00","message":"Handled request"}
{"level":"info","method":"GET","path":"/swagger/doc.json","status":200,"duration":0.6431,"time":"2025-03-13T14:34:21+07:00","message":"Handled request"}
{"level":"info","method":"GET","path":"/swagger/favicon-32x32.png","status":200,"duration":0,"time":"2025-03-13T14:34:21+07:00","message":"Handled request"}
{"level":"info","method":"GET","path":"/back-office-service/api/v1/districts","status":200,"duration":53.8975,"time":"2025-03-13T14:34:40+07:00","message":"Handled request"}
{"level":"info","method":"GET","path":"/back-office-service/api/v1/districts","status":400,"duration":35.2456,"time":"2025-03-13T14:34:46+07:00","message":"Handled request"}
{"level":"info","method":"GET","path":"/back-office-service/api/v1/districts","status":200,"duration":87.4842,"time":"2025-03-13T14:35:35+07:00","message":"Handled request"}
{"level":"info","method":"GET","path":"/back-office-service/api/v1/districts","status":200,"duration":220.0526,"time":"2025-03-13T14:36:22+07:00","message":"Handled request"}
{"level":"info","method":"GET","path":"/back-office-service/api/v1/districts","status":400,"duration":137.5393,"time":"2025-03-13T14:36:32+07:00","message":"Handled request"}
{"level":"info","method":"GET","path":"/back-office-service/api/v1/districts","status":400,"duration":133.1128,"time":"2025-03-13T14:37:13+07:00","message":"Handled request"}
{"level":"info","method":"GET","path":"/back-office-service/api/v1/districts","status":400,"duration":53.6947,"time":"2025-03-13T14:37:21+07:00","message":"Handled request"}
{"level":"info","method":"GET","path":"/back-office-service/api/v1/districts","status":400,"duration":134.1586,"time":"2025-03-13T14:37:29+07:00","message":"Handled request"}
{"level":"info","method":"GET","path":"/back-office-service/api/v1/districts","status":400,"duration":41.4999,"time":"2025-03-13T14:37:45+07:00","message":"Handled request"}
{"level":"info","method":"GET","path":"/back-office-service/api/v1/districts","status":400,"duration":45.2915,"time":"2025-03-13T14:38:40+07:00","message":"Handled request"}
{"level":"info","method":"GET","path":"/back-office-service/api/v1/districts","status":200,"duration":58.6646,"time":"2025-03-13T14:38:46+07:00","message":"Handled request"}
{"level":"info","method":"GET","path":"/back-office-service/api/v1/districts","status":200,"duration":247.0576,"time":"2025-03-13T14:38:53+07:00","message":"Handled request"}
{"level":"info","method":"GET","path":"/back-office-service/api/v1/districts","status":400,"duration":31.0132,"time":"2025-03-13T14:38:58+07:00","message":"Handled request"}
{"level":"info","method":"GET","path":"/back-office-service/api/v1/subdistricts","status":401,"duration":0.5967,"time":"2025-03-13T14:49:17+07:00","message":"Handled request"}
{"level":"info","method":"GET","path":"/back-office-service/api/v1/subdistricts","status":401,"duration":0,"time":"2025-03-13T14:49:37+07:00","message":"Handled request"}
{"level":"info","method":"GET","path":"/swagger/index.html","status":200,"duration":1.0142,"time":"2025-03-13T14:49:45+07:00","message":"Handled request"}
{"level":"info","method":"GET","path":"/swagger/swagger-ui.css","status":200,"duration":1.1896,"time":"2025-03-13T14:49:45+07:00","message":"Handled request"}
{"level":"info","method":"GET","path":"/swagger/swagger-ui-standalone-preset.js","status":200,"duration":1.0272,"time":"2025-03-13T14:49:45+07:00","message":"Handled request"}
{"level":"info","method":"GET","path":"/swagger/swagger-ui-bundle.js","status":200,"duration":3.25,"time":"2025-03-13T14:49:45+07:00","message":"Handled request"}
{"level":"info","method":"GET","path":"/swagger/doc.json","status":200,"duration":0.4871,"time":"2025-03-13T14:49:45+07:00","message":"Handled request"}
{"level":"info","method":"GET","path":"/swagger/favicon-32x32.png","status":200,"duration":0,"time":"2025-03-13T14:49:45+07:00","message":"Handled request"}
{"level":"info","method":"POST","path":"/back-office-service/api/v1/login","status":200,"duration":59.8055,"time":"2025-03-13T14:50:06+07:00","message":"Handled request"}
{"level":"info","method":"GET","path":"/back-office-service/api/v1/subdistricts","status":500,"duration":38.8706,"time":"2025-03-13T14:50:16+07:00","message":"Handled request"}
{"level":"info","method":"GET","path":"/back-office-service/api/v1/districts","status":200,"duration":52.5306,"time":"2025-03-13T14:52:59+07:00","message":"Handled request"}
{"level":"info","method":"GET","path":"/back-office-service/api/v1/subdistricts","status":500,"duration":28.7328,"time":"2025-03-13T14:53:20+07:00","message":"Handled request"}
{"level":"info","method":"GET","path":"/back-office-service/api/v1/subdistricts","status":500,"duration":50.3169,"time":"2025-03-13T14:53:54+07:00","message":"Handled request"}
{"level":"info","method":"GET","path":"/back-office-service/api/v1/subdistricts","status":500,"duration":43.2053,"time":"2025-03-13T14:54:26+07:00","message":"Handled request"}
{"level":"info","method":"GET","path":"/swagger/index.html","status":200,"duration":0.8498,"time":"2025-03-13T14:56:53+07:00","message":"Handled request"}
{"level":"info","method":"GET","path":"/swagger/swagger-ui.css","status":200,"duration":1.5269,"time":"2025-03-13T14:56:54+07:00","message":"Handled request"}
{"level":"info","method":"GET","path":"/swagger/swagger-ui-bundle.js","status":200,"duration":2.1526,"time":"2025-03-13T14:56:54+07:00","message":"Handled request"}
{"level":"info","method":"GET","path":"/swagger/swagger-ui-standalone-preset.js","status":200,"duration":0.5079,"time":"2025-03-13T14:56:54+07:00","message":"Handled request"}
{"level":"info","method":"GET","path":"/swagger/doc.json","status":200,"duration":0,"time":"2025-03-13T14:56:54+07:00","message":"Handled request"}
{"level":"info","method":"GET","path":"/back-office-service/api/v1/subdistricts","status":500,"duration":33.3603,"time":"2025-03-13T14:57:13+07:00","message":"Handled request"}
{"level":"info","method":"GET","path":"/back-office-service/api/v1/subdistricts","status":500,"duration":40.8719,"time":"2025-03-13T15:00:03+07:00","message":"Handled request"}
{"level":"info","method":"GET","path":"/back-office-service/api/v1/subdistricts","status":500,"duration":31.3115,"time":"2025-03-13T15:01:51+07:00","message":"Handled request"}
{"level":"info","method":"GET","path":"/back-office-service/api/v1/subdistricts","status":200,"duration":56.4969,"time":"2025-03-13T15:02:17+07:00","message":"Handled request"}
{"level":"info","method":"GET","path":"/back-office-service/api/v1/subdistricts","status":400,"duration":45.4945,"time":"2025-03-13T15:02:27+07:00","message":"Handled request"}
{"level":"info","method":"GET","path":"/back-office-service/api/v1/subdistricts","status":400,"duration":36.2702,"time":"2025-03-13T15:02:32+07:00","message":"Handled request"}
{"level":"info","method":"GET","path":"/back-office-service/api/v1/subdistricts","status":400,"duration":79.5105,"time":"2025-03-13T15:03:40+07:00","message":"Handled request"}
{"level":"info","method":"GET","path":"/back-office-service/api/v1/subdistricts","status":400,"duration":27.4905,"time":"2025-03-13T15:03:46+07:00","message":"Handled request"}
{"level":"info","method":"GET","path":"/back-office-service/api/v1/subdistricts","status":400,"duration":34.126,"time":"2025-03-13T15:03:54+07:00","message":"Handled request"}
{"level":"info","method":"GET","path":"/back-office-service/api/v1/subdistricts","status":400,"duration":40.4253,"time":"2025-03-13T15:03:59+07:00","message":"Handled request"}
{"level":"info","method":"GET","path":"/back-office-service/api/v1/subdistricts","status":400,"duration":31.0554,"time":"2025-03-13T15:04:04+07:00","message":"Handled request"}
{"level":"info","method":"GET","path":"/swagger/index.html","status":200,"duration":0.4544,"time":"2025-03-13T15:08:35+07:00","message":"Handled request"}
{"level":"info","method":"GET","path":"/swagger/swagger-ui.css","status":200,"duration":1.1165,"time":"2025-03-13T15:08:35+07:00","message":"Handled request"}
{"level":"info","method":"GET","path":"/swagger/swagger-ui-standalone-preset.js","status":200,"duration":1.4669,"time":"2025-03-13T15:08:35+07:00","message":"Handled request"}
{"level":"info","method":"GET","path":"/swagger/swagger-ui-bundle.js","status":200,"duration":8.8441,"time":"2025-03-13T15:08:35+07:00","message":"Handled request"}
{"level":"info","method":"GET","path":"/swagger/doc.json","status":200,"duration":0.6802,"time":"2025-03-13T15:08:35+07:00","message":"Handled request"}
{"level":"info","method":"GET","path":"/back-office-service/api/v1/subdistricts","status":200,"duration":49.7981,"time":"2025-03-13T15:09:18+07:00","message":"Handled request"}
{"level":"info","method":"GET","path":"/back-office-service/api/v1/subdistricts","status":400,"duration":41.6961,"time":"2025-03-13T15:09:29+07:00","message":"Handled request"}
{"level":"info","method":"GET","path":"/back-office-service/api/v1/subdistricts","status":500,"duration":57.1682,"time":"2025-03-13T15:09:37+07:00","message":"Handled request"}
{"level":"info","method":"GET","path":"/back-office-service/api/v1/subdistricts","status":500,"duration":41.4917,"time":"2025-03-13T15:11:52+07:00","message":"Handled request"}
{"level":"info","method":"GET","path":"/back-office-service/api/v1/subdistricts","status":500,"duration":43.7291,"time":"2025-03-13T15:14:49+07:00","message":"Handled request"}
{"level":"info","method":"GET","path":"/back-office-service/api/v1/subdistricts","status":500,"duration":82.1341,"time":"2025-03-13T15:15:58+07:00","message":"Handled request"}
{"level":"info","method":"GET","path":"/back-office-service/api/v1/subdistricts","status":200,"duration":62.4621,"time":"2025-03-13T15:20:50+07:00","message":"Handled request"}
{"level":"info","method":"GET","path":"/back-office-service/api/v1/subdistricts","status":500,"duration":42.8247,"time":"2025-03-13T15:23:49+07:00","message":"Handled request"}
{"level":"info","method":"GET","path":"/back-office-service/api/v1/subdistricts","status":500,"duration":98.2423,"time":"2025-03-13T15:24:43+07:00","message":"Handled request"}
{"level":"info","method":"GET","path":"/back-office-service/api/v1/subdistricts","status":500,"duration":32.8197,"time":"2025-03-13T15:25:17+07:00","message":"Handled request"}
{"level":"info","method":"GET","path":"/back-office-service/api/v1/subdistricts","status":200,"duration":37.7145,"time":"2025-03-13T15:25:53+07:00","message":"Handled request"}
{"level":"info","method":"GET","path":"/swagger/index.html","status":200,"duration":0.5062,"time":"2025-03-13T15:26:30+07:00","message":"Handled request"}
{"level":"info","method":"GET","path":"/swagger/swagger-ui.css","status":200,"duration":0.5758,"time":"2025-03-13T15:26:30+07:00","message":"Handled request"}
{"level":"info","method":"GET","path":"/swagger/swagger-ui-standalone-preset.js","status":200,"duration":0.5273,"time":"2025-03-13T15:26:30+07:00","message":"Handled request"}
{"level":"info","method":"GET","path":"/swagger/swagger-ui-bundle.js","status":200,"duration":4.9039,"time":"2025-03-13T15:26:30+07:00","message":"Handled request"}
{"level":"info","method":"GET","path":"/swagger/doc.json","status":200,"duration":0.8427,"time":"2025-03-13T15:26:30+07:00","message":"Handled request"}
{"level":"info","method":"GET","path":"/swagger/favicon-32x32.png","status":200,"duration":0,"time":"2025-03-13T15:26:30+07:00","message":"Handled request"}
{"level":"info","method":"GET","path":"/back-office-service/api/v1/subdistricts","status":200,"duration":48.1735,"time":"2025-03-13T15:26:45+07:00","message":"Handled request"}
{"level":"info","method":"GET","path":"/back-office-service/api/v1/subdistricts","status":200,"duration":58.9427,"time":"2025-03-13T15:26:55+07:00","message":"Handled request"}
{"level":"info","method":"GET","path":"/back-office-service/api/v1/subdistricts","status":400,"duration":26.9071,"time":"2025-03-13T15:29:02+07:00","message":"Handled request"}
{"level":"info","method":"GET","path":"/back-office-service/api/v1/subdistricts","status":400,"duration":53.1935,"time":"2025-03-13T15:29:09+07:00","message":"Handled request"}
{"level":"info","method":"GET","path":"/back-office-service/api/v1/subdistricts","status":400,"duration":50.9927,"time":"2025-03-13T15:29:15+07:00","message":"Handled request"}
{"level":"info","method":"GET","path":"/back-office-service/api/v1/subdistricts","status":400,"duration":24.1681,"time":"2025-03-13T15:29:18+07:00","message":"Handled request"}
{"level":"info","method":"GET","path":"/back-office-service/api/v1/subdistricts","status":200,"duration":73.3705,"time":"2025-03-13T15:29:27+07:00","message":"Handled request"}
{"level":"info","method":"GET","path":"/back-office-service/api/v1/subdistricts","status":400,"duration":81.6509,"time":"2025-03-13T15:29:33+07:00","message":"Handled request"}
{"level":"info","method":"GET","path":"/back-office-service/api/v1/subdistricts","status":400,"duration":56.4461,"time":"2025-03-13T15:29:43+07:00","message":"Handled request"}
{"level":"info","method":"GET","path":"/back-office-service/api/v1/subdistricts","status":400,"duration":40.9583,"time":"2025-03-13T15:29:49+07:00","message":"Handled request"}
{"level":"info","method":"GET","path":"/back-office-service/api/v1/subdistricts","status":200,"duration":72.2653,"time":"2025-03-13T15:29:57+07:00","message":"Handled request"}
{"level":"info","method":"GET","path":"/back-office-service/api/v1/subdistricts","status":200,"duration":92.6763,"time":"2025-03-13T15:30:04+07:00","message":"Handled request"}
{"level":"info","method":"GET","path":"/swagger/index.html","status":200,"duration":1.2879,"time":"2025-03-13T16:11:42+07:00","message":"Handled request"}
{"level":"info","method":"GET","path":"/swagger/swagger-ui.css","status":200,"duration":1.7353,"time":"2025-03-13T16:11:42+07:00","message":"Handled request"}
{"level":"info","method":"GET","path":"/swagger/swagger-ui-standalone-preset.js","status":200,"duration":0.5328,"time":"2025-03-13T16:11:42+07:00","message":"Handled request"}
{"level":"info","method":"GET","path":"/swagger/swagger-ui-bundle.js","status":200,"duration":5.0036,"time":"2025-03-13T16:11:42+07:00","message":"Handled request"}
{"level":"info","method":"GET","path":"/swagger/doc.json","status":200,"duration":1.2022,"time":"2025-03-13T16:11:43+07:00","message":"Handled request"}
{"level":"info","method":"GET","path":"/back-office-service/api/v1/districts","status":401,"duration":0.1078,"time":"2025-03-13T16:14:33+07:00","message":"Handled request"}
{"level":"info","method":"POST","path":"/back-office-service/api/v1/login","status":200,"duration":44.8825,"time":"2025-03-13T16:15:18+07:00","message":"Handled request"}
{"level":"info","method":"GET","path":"/back-office-service/api/v1/districts","status":200,"duration":43.0102,"time":"2025-03-13T16:15:44+07:00","message":"Handled request"}
{"level":"info","method":"GET","path":"/back-office-service/api/v1/districts","status":200,"duration":40.7558,"time":"2025-03-13T16:15:51+07:00","message":"Handled request"}
{"level":"info","method":"GET","path":"/back-office-service/api/v1/districts","status":400,"duration":26.3847,"time":"2025-03-13T16:16:04+07:00","message":"Handled request"}
{"level":"info","method":"GET","path":"/back-office-service/api/v1/districts","status":400,"duration":24.8276,"time":"2025-03-13T16:16:09+07:00","message":"Handled request"}
{"level":"info","method":"GET","path":"/back-office-service/api/v1/districts","status":400,"duration":28.6203,"time":"2025-03-13T16:16:14+07:00","message":"Handled request"}
{"level":"info","method":"GET","path":"/back-office-service/api/v1/districts","status":400,"duration":26.003,"time":"2025-03-13T16:16:18+07:00","message":"Handled request"}
{"level":"info","method":"GET","path":"/back-office-service/api/v1/districts","status":400,"duration":26.7439,"time":"2025-03-13T16:16:22+07:00","message":"Handled request"}
{"level":"info","method":"GET","path":"/back-office-service/api/v1/districts","status":400,"duration":25.961,"time":"2025-03-13T16:16:26+07:00","message":"Handled request"}
{"level":"info","method":"GET","path":"/back-office-service/api/v1/districts","status":400,"duration":26.3578,"time":"2025-03-13T16:16:30+07:00","message":"Handled request"}
{"level":"info","method":"GET","path":"/back-office-service/api/v1/districts","status":400,"duration":26.482,"time":"2025-03-13T16:16:32+07:00","message":"Handled request"}
{"level":"info","method":"GET","path":"/back-office-service/api/v1/districts","status":400,"duration":25.6901,"time":"2025-03-13T16:16:38+07:00","message":"Handled request"}
{"level":"info","method":"GET","path":"/back-office-service/api/v1/districts","status":400,"duration":24.5007,"time":"2025-03-13T16:16:49+07:00","message":"Handled request"}
{"level":"info","method":"GET","path":"/back-office-service/api/v1/districts","status":200,"duration":40.0523,"time":"2025-03-13T16:16:53+07:00","message":"Handled request"}
{"level":"info","method":"GET","path":"/back-office-service/api/v1/subdistricts","status":401,"duration":0,"time":"2025-03-13T16:17:01+07:00","message":"Handled request"}
{"level":"info","method":"GET","path":"/back-office-service/api/v1/subdistricts","status":400,"duration":23.9314,"time":"2025-03-13T16:17:10+07:00","message":"Handled request"}
{"level":"info","method":"GET","path":"/back-office-service/api/v1/subdistricts","status":400,"duration":25.3113,"time":"2025-03-13T16:17:15+07:00","message":"Handled request"}
{"level":"info","method":"GET","path":"/back-office-service/api/v1/subdistricts","status":400,"duration":25.9335,"time":"2025-03-13T16:17:20+07:00","message":"Handled request"}
{"level":"info","method":"GET","path":"/back-office-service/api/v1/subdistricts","status":400,"duration":26.0989,"time":"2025-03-13T16:17:28+07:00","message":"Handled request"}
{"level":"info","method":"GET","path":"/back-office-service/api/v1/subdistricts","status":400,"duration":24.2992,"time":"2025-03-13T16:17:33+07:00","message":"Handled request"}
{"level":"info","method":"GET","path":"/back-office-service/api/v1/subdistricts","status":400,"duration":24.0069,"time":"2025-03-13T16:17:37+07:00","message":"Handled request"}
{"level":"info","method":"GET","path":"/back-office-service/api/v1/subdistricts","status":400,"duration":23.7982,"time":"2025-03-13T16:17:43+07:00","message":"Handled request"}
{"level":"info","method":"GET","path":"/back-office-service/api/v1/subdistricts","status":400,"duration":27.4538,"time":"2025-03-13T16:17:47+07:00","message":"Handled request"}
{"level":"info","method":"GET","path":"/back-office-service/api/v1/subdistricts","status":200,"duration":37.578,"time":"2025-03-13T16:17:51+07:00","message":"Handled request"}
{"level":"info","method":"GET","path":"/back-office-service/api/v1/subdistricts","status":400,"duration":26.0446,"time":"2025-03-13T16:17:57+07:00","message":"Handled request"}
{"level":"info","method":"GET","path":"/back-office-service/api/v1/subdistricts","status":400,"duration":24.6855,"time":"2025-03-13T16:18:05+07:00","message":"Handled request"}
{"level":"info","method":"GET","path":"/back-office-service/api/v1/subdistricts","status":200,"duration":49.3915,"time":"2025-03-13T16:18:11+07:00","message":"Handled request"}
{"level":"info","method":"GET","path":"/back-office-service/api/v1/subdistricts","status":400,"duration":22.9413,"time":"2025-03-13T16:18:29+07:00","message":"Handled request"}
{"level":"info","method":"GET","path":"/back-office-service/api/v1/subdistricts","status":200,"duration":48.3054,"time":"2025-03-13T16:18:36+07:00","message":"Handled request"}
{"level":"info","method":"GET","path":"/swagger/index.html","status":200,"duration":0.5679,"time":"2025-03-13T16:32:18+07:00","message":"Handled request"}
{"level":"info","method":"GET","path":"/swagger/swagger-ui.css","status":200,"duration":0.5879,"time":"2025-03-13T16:32:18+07:00","message":"Handled request"}
{"level":"info","method":"GET","path":"/swagger/swagger-ui-standalone-preset.js","status":200,"duration":1.6369,"time":"2025-03-13T16:32:18+07:00","message":"Handled request"}
{"level":"info","method":"GET","path":"/swagger/swagger-ui-bundle.js","status":200,"duration":10.6141,"time":"2025-03-13T16:32:18+07:00","message":"Handled request"}
{"level":"info","method":"GET","path":"/swagger/doc.json","status":200,"duration":0.5049,"time":"2025-03-13T16:32:18+07:00","message":"Handled request"}
{"level":"info","method":"GET","path":"/swagger/index.html","status":200,"duration":0.846,"time":"2025-03-13T16:33:09+07:00","message":"Handled request"}
{"level":"info","method":"GET","path":"/swagger/swagger-ui.css","status":200,"duration":0.3013,"time":"2025-03-13T16:33:09+07:00","message":"Handled request"}
{"level":"info","method":"GET","path":"/swagger/swagger-ui-bundle.js","status":200,"duration":1.364,"time":"2025-03-13T16:33:09+07:00","message":"Handled request"}
{"level":"info","method":"GET","path":"/swagger/swagger-ui-standalone-preset.js","status":200,"duration":1.9516,"time":"2025-03-13T16:33:09+07:00","message":"Handled request"}
{"level":"info","method":"GET","path":"/swagger/doc.json","status":200,"duration":0.3424,"time":"2025-03-13T16:33:09+07:00","message":"Handled request"}
{"level":"info","method":"GET","path":"/swagger/favicon-32x32.png","status":200,"duration":0,"time":"2025-03-13T16:33:09+07:00","message":"Handled request"}
{"level":"info","method":"GET","path":"/swagger/index.html","status":200,"duration":0.5801,"time":"2025-03-13T16:34:53+07:00","message":"Handled request"}
{"level":"info","method":"GET","path":"/swagger/swagger-ui.css","status":200,"duration":0.5108,"time":"2025-03-13T16:34:53+07:00","message":"Handled request"}
{"level":"info","method":"GET","path":"/swagger/swagger-ui-standalone-preset.js","status":200,"duration":1.0303,"time":"2025-03-13T16:34:53+07:00","message":"Handled request"}
{"level":"info","method":"GET","path":"/swagger/swagger-ui-bundle.js","status":200,"duration":3.0455,"time":"2025-03-13T16:34:53+07:00","message":"Handled request"}
{"level":"info","method":"GET","path":"/swagger/doc.json","status":200,"duration":0.8576,"time":"2025-03-13T16:34:54+07:00","message":"Handled request"}
{"level":"info","method":"GET","path":"/swagger/favicon-32x32.png","status":200,"duration":0,"time":"2025-03-13T16:34:54+07:00","message":"Handled request"}
{"level":"info","method":"GET","path":"/swagger/index.html","status":200,"duration":1.4363,"time":"2025-03-13T16:38:23+07:00","message":"Handled request"}
{"level":"info","method":"GET","path":"/swagger/swagger-ui.css","status":200,"duration":0.5757,"time":"2025-03-13T16:38:23+07:00","message":"Handled request"}
{"level":"info","method":"GET","path":"/swagger/swagger-ui-standalone-preset.js","status":200,"duration":2.1016,"time":"2025-03-13T16:38:23+07:00","message":"Handled request"}
{"level":"info","method":"GET","path":"/swagger/swagger-ui-bundle.js","status":200,"duration":7.0511,"time":"2025-03-13T16:38:23+07:00","message":"Handled request"}
{"level":"info","method":"GET","path":"/swagger/doc.json","status":200,"duration":0.994,"time":"2025-03-13T16:38:23+07:00","message":"Handled request"}
