{"level":"info","method":"GET","path":"/swagger/index.html","status":200,"duration":0.4138,"time":"2025-03-20T11:29:40+07:00","message":"Handled request"}
{"level":"info","method":"GET","path":"/swagger/swagger-ui.css","status":200,"duration":0.508,"time":"2025-03-20T11:29:40+07:00","message":"Handled request"}
{"level":"info","method":"GET","path":"/swagger/swagger-ui-standalone-preset.js","status":200,"duration":1.0463,"time":"2025-03-20T11:29:40+07:00","message":"Handled request"}
{"level":"info","method":"GET","path":"/swagger/swagger-ui-bundle.js","status":200,"duration":3.4251,"time":"2025-03-20T11:29:40+07:00","message":"Handled request"}
{"level":"info","method":"GET","path":"/swagger/doc.json","status":200,"duration":0.1976,"time":"2025-03-20T11:29:40+07:00","message":"Handled request"}
{"level":"info","method":"POST","path":"/back-office-service/api/v1/login","status":200,"duration":58.7078,"time":"2025-03-20T11:30:00+07:00","message":"Handled request"}
{"level":"info","method":"GET","path":"/back-office-service/api/v1/test-update","status":200,"duration":0.5847,"time":"2025-03-20T11:30:22+07:00","message":"Handled request"}
{"level":"info","method":"GET","path":"/swagger/index.html","status":200,"duration":0.5119,"time":"2025-03-20T14:06:50+07:00","message":"Handled request"}
{"level":"info","method":"GET","path":"/swagger/swagger-ui.css","status":200,"duration":2.0164,"time":"2025-03-20T14:06:50+07:00","message":"Handled request"}
{"level":"info","method":"GET","path":"/swagger/swagger-ui-standalone-preset.js","status":200,"duration":1.1469,"time":"2025-03-20T14:06:50+07:00","message":"Handled request"}
{"level":"info","method":"GET","path":"/swagger/swagger-ui-bundle.js","status":200,"duration":5.5212,"time":"2025-03-20T14:06:50+07:00","message":"Handled request"}
{"level":"info","method":"GET","path":"/swagger/doc.json","status":200,"duration":0.951,"time":"2025-03-20T14:06:50+07:00","message":"Handled request"}
{"level":"info","method":"GET","path":"/swagger/favicon-32x32.png","status":200,"duration":0.7324,"time":"2025-03-20T14:06:50+07:00","message":"Handled request"}
{"level":"info","method":"POST","path":"/back-office-service/api/v1/login","status":200,"duration":51.12,"time":"2025-03-20T14:06:55+07:00","message":"Handled request"}
{"level":"info","method":"PUT","path":"/back-office-service/api/v1/update-gps","status":500,"duration":30.7992,"time":"2025-03-20T14:08:09+07:00","message":"Handled request"}
{"level":"info","method":"GET","path":"/swagger/index.html","status":200,"duration":0.2736,"time":"2025-03-20T14:09:29+07:00","message":"Handled request"}
{"level":"info","method":"GET","path":"/swagger/swagger-ui.css","status":200,"duration":0.5081,"time":"2025-03-20T14:09:29+07:00","message":"Handled request"}
{"level":"info","method":"GET","path":"/swagger/swagger-ui-standalone-preset.js","status":200,"duration":1.0548,"time":"2025-03-20T14:09:29+07:00","message":"Handled request"}
{"level":"info","method":"GET","path":"/swagger/swagger-ui-bundle.js","status":200,"duration":1.5856,"time":"2025-03-20T14:09:29+07:00","message":"Handled request"}
{"level":"info","method":"GET","path":"/swagger/doc.json","status":200,"duration":0.1688,"time":"2025-03-20T14:09:29+07:00","message":"Handled request"}
{"level":"info","method":"GET","path":"/swagger/favicon-32x32.png","status":200,"duration":0.1609,"time":"2025-03-20T14:09:29+07:00","message":"Handled request"}
{"level":"info","method":"POST","path":"/back-office-service/api/v1/login","status":200,"duration":53.9069,"time":"2025-03-20T14:09:33+07:00","message":"Handled request"}
{"level":"info","method":"PUT","path":"/back-office-service/api/v1/update-gps","status":500,"duration":36.8494,"time":"2025-03-20T14:10:31+07:00","message":"Handled request"}
{"level":"info","method":"GET","path":"/swagger/index.html","status":200,"duration":1.2928,"time":"2025-03-20T14:13:23+07:00","message":"Handled request"}
{"level":"info","method":"GET","path":"/swagger/swagger-ui.css","status":200,"duration":0,"time":"2025-03-20T14:13:23+07:00","message":"Handled request"}
{"level":"info","method":"GET","path":"/swagger/swagger-ui-standalone-preset.js","status":200,"duration":0.5062,"time":"2025-03-20T14:13:23+07:00","message":"Handled request"}
{"level":"info","method":"GET","path":"/swagger/swagger-ui-bundle.js","status":200,"duration":2.9532,"time":"2025-03-20T14:13:23+07:00","message":"Handled request"}
{"level":"info","method":"GET","path":"/swagger/doc.json","status":200,"duration":0.7768,"time":"2025-03-20T14:13:23+07:00","message":"Handled request"}
{"level":"info","method":"GET","path":"/swagger/favicon-32x32.png","status":200,"duration":0,"time":"2025-03-20T14:13:23+07:00","message":"Handled request"}
{"level":"info","method":"POST","path":"/back-office-service/api/v1/login","status":200,"duration":58.0878,"time":"2025-03-20T14:13:28+07:00","message":"Handled request"}
{"level":"info","method":"PUT","path":"/back-office-service/api/v1/update-gps","status":500,"duration":55.3774,"time":"2025-03-20T14:13:37+07:00","message":"Handled request"}
{"level":"info","method":"PUT","path":"/back-office-service/api/v1/update-gps","status":200,"duration":86.2127,"time":"2025-03-20T14:16:05+07:00","message":"Handled request"}
{"level":"info","method":"GET","path":"/swagger/index.html","status":200,"duration":1.6628,"time":"2025-03-20T14:29:44+07:00","message":"Handled request"}
{"level":"info","method":"GET","path":"/swagger/swagger-ui.css","status":200,"duration":0.5911,"time":"2025-03-20T14:29:44+07:00","message":"Handled request"}
{"level":"info","method":"GET","path":"/swagger/swagger-ui-standalone-preset.js","status":200,"duration":1.2877,"time":"2025-03-20T14:29:44+07:00","message":"Handled request"}
{"level":"info","method":"GET","path":"/swagger/swagger-ui-bundle.js","status":200,"duration":5.7322,"time":"2025-03-20T14:29:44+07:00","message":"Handled request"}
{"level":"info","method":"GET","path":"/swagger/doc.json","status":200,"duration":0.7113,"time":"2025-03-20T14:29:44+07:00","message":"Handled request"}
{"level":"info","method":"GET","path":"/swagger/index.html","status":200,"duration":0.5044,"time":"2025-03-20T14:31:02+07:00","message":"Handled request"}
{"level":"info","method":"GET","path":"/swagger/swagger-ui.css","status":200,"duration":0.938,"time":"2025-03-20T14:31:02+07:00","message":"Handled request"}
{"level":"info","method":"GET","path":"/swagger/swagger-ui-standalone-preset.js","status":200,"duration":1.1467,"time":"2025-03-20T14:31:02+07:00","message":"Handled request"}
{"level":"info","method":"GET","path":"/swagger/swagger-ui-bundle.js","status":200,"duration":1.6525,"time":"2025-03-20T14:31:02+07:00","message":"Handled request"}
{"level":"info","method":"GET","path":"/swagger/doc.json","status":200,"duration":0.1653,"time":"2025-03-20T14:31:02+07:00","message":"Handled request"}
{"level":"info","method":"GET","path":"/swagger/index.html","status":200,"duration":0,"time":"2025-03-20T14:32:15+07:00","message":"Handled request"}
{"level":"info","method":"GET","path":"/swagger/swagger-ui.css","status":200,"duration":0.5059,"time":"2025-03-20T14:32:15+07:00","message":"Handled request"}
{"level":"info","method":"GET","path":"/swagger/swagger-ui-standalone-preset.js","status":200,"duration":0.5271,"time":"2025-03-20T14:32:15+07:00","message":"Handled request"}
{"level":"info","method":"GET","path":"/swagger/swagger-ui-bundle.js","status":200,"duration":2.0602,"time":"2025-03-20T14:32:15+07:00","message":"Handled request"}
{"level":"info","method":"GET","path":"/swagger/doc.json","status":200,"duration":0.9512,"time":"2025-03-20T14:32:15+07:00","message":"Handled request"}
{"level":"info","method":"GET","path":"/swagger/index.html","status":200,"duration":0.3192,"time":"2025-03-20T14:32:37+07:00","message":"Handled request"}
{"level":"info","method":"GET","path":"/swagger/swagger-ui.css","status":200,"duration":0.5086,"time":"2025-03-20T14:32:37+07:00","message":"Handled request"}
{"level":"info","method":"GET","path":"/swagger/swagger-ui-standalone-preset.js","status":200,"duration":0.54,"time":"2025-03-20T14:32:37+07:00","message":"Handled request"}
{"level":"info","method":"GET","path":"/swagger/swagger-ui-bundle.js","status":200,"duration":1.6511,"time":"2025-03-20T14:32:37+07:00","message":"Handled request"}
{"level":"info","method":"GET","path":"/swagger/doc.json","status":200,"duration":0.5771,"time":"2025-03-20T14:32:37+07:00","message":"Handled request"}
{"level":"info","method":"GET","path":"/swagger/index.html","status":200,"duration":0.3888,"time":"2025-03-20T14:34:09+07:00","message":"Handled request"}
{"level":"info","method":"GET","path":"/swagger/swagger-ui.css","status":200,"duration":0.9997,"time":"2025-03-20T14:34:09+07:00","message":"Handled request"}
{"level":"info","method":"GET","path":"/swagger/swagger-ui-standalone-preset.js","status":200,"duration":0.8397,"time":"2025-03-20T14:34:09+07:00","message":"Handled request"}
{"level":"info","method":"GET","path":"/swagger/swagger-ui-bundle.js","status":200,"duration":1.3875,"time":"2025-03-20T14:34:09+07:00","message":"Handled request"}
{"level":"info","method":"GET","path":"/swagger/doc.json","status":200,"duration":0.7427,"time":"2025-03-20T14:34:09+07:00","message":"Handled request"}
{"level":"info","method":"GET","path":"/swagger/favicon-32x32.png","status":200,"duration":0,"time":"2025-03-20T14:34:09+07:00","message":"Handled request"}
{"level":"info","method":"GET","path":"/swagger/index.html","status":200,"duration":0.196,"time":"2025-03-20T14:35:02+07:00","message":"Handled request"}
{"level":"info","method":"GET","path":"/swagger/swagger-ui.css","status":200,"duration":0.5066,"time":"2025-03-20T14:35:02+07:00","message":"Handled request"}
{"level":"info","method":"GET","path":"/swagger/swagger-ui-standalone-preset.js","status":200,"duration":0.5294,"time":"2025-03-20T14:35:02+07:00","message":"Handled request"}
{"level":"info","method":"GET","path":"/swagger/swagger-ui-bundle.js","status":200,"duration":1.036,"time":"2025-03-20T14:35:02+07:00","message":"Handled request"}
{"level":"info","method":"GET","path":"/swagger/doc.json","status":200,"duration":0.6254,"time":"2025-03-20T14:35:02+07:00","message":"Handled request"}
{"level":"info","method":"GET","path":"/swagger/favicon-32x32.png","status":200,"duration":0.5274,"time":"2025-03-20T14:35:02+07:00","message":"Handled request"}
{"level":"info","method":"GET","path":"/swagger/index.html","status":200,"duration":1.4163,"time":"2025-03-20T14:36:18+07:00","message":"Handled request"}
{"level":"info","method":"GET","path":"/swagger/swagger-ui.css","status":200,"duration":0,"time":"2025-03-20T14:36:19+07:00","message":"Handled request"}
{"level":"info","method":"GET","path":"/swagger/swagger-ui-standalone-preset.js","status":200,"duration":0.5106,"time":"2025-03-20T14:36:19+07:00","message":"Handled request"}
{"level":"info","method":"GET","path":"/swagger/swagger-ui-bundle.js","status":200,"duration":2.2282,"time":"2025-03-20T14:36:19+07:00","message":"Handled request"}
{"level":"info","method":"GET","path":"/swagger/doc.json","status":200,"duration":1.0636,"time":"2025-03-20T14:36:19+07:00","message":"Handled request"}
{"level":"info","method":"GET","path":"/swagger/index.html","status":200,"duration":1.0747,"time":"2025-03-20T14:50:23+07:00","message":"Handled request"}
{"level":"info","method":"GET","path":"/swagger/swagger-ui.css","status":200,"duration":0.5919,"time":"2025-03-20T14:50:23+07:00","message":"Handled request"}
{"level":"info","method":"GET","path":"/swagger/swagger-ui-standalone-preset.js","status":200,"duration":0.5561,"time":"2025-03-20T14:50:23+07:00","message":"Handled request"}
{"level":"info","method":"GET","path":"/swagger/swagger-ui-bundle.js","status":200,"duration":3.4021,"time":"2025-03-20T14:50:23+07:00","message":"Handled request"}
{"level":"info","method":"GET","path":"/swagger/doc.json","status":200,"duration":0.624,"time":"2025-03-20T14:50:23+07:00","message":"Handled request"}
{"level":"info","method":"POST","path":"/back-office-service/api/v1/login","status":200,"duration":53.9773,"time":"2025-03-20T15:06:41+07:00","message":"Handled request"}
{"level":"info","method":"PUT","path":"/back-office-service/api/v1/update-gps","status":200,"duration":66.5551,"time":"2025-03-20T15:07:25+07:00","message":"Handled request"}
{"level":"info","method":"POST","path":"/back-office-service/api/v1/search-gps","status":200,"duration":126.1164,"time":"2025-03-20T15:07:45+07:00","message":"Handled request"}
