{"level":"info","method":"GET","path":"/swagger/index.html","status":200,"duration":0.7401,"time":"2025-03-24T13:41:15+07:00","message":"Handled request"}
{"level":"info","method":"GET","path":"/swagger/swagger-ui.css","status":200,"duration":0.5061,"time":"2025-03-24T13:41:15+07:00","message":"Handled request"}
{"level":"info","method":"GET","path":"/swagger/swagger-ui-standalone-preset.js","status":200,"duration":0.5061,"time":"2025-03-24T13:41:15+07:00","message":"Handled request"}
{"level":"info","method":"GET","path":"/swagger/swagger-ui-bundle.js","status":200,"duration":4.6029,"time":"2025-03-24T13:41:15+07:00","message":"Handled request"}
{"level":"info","method":"GET","path":"/swagger/doc.json","status":200,"duration":0.5043,"time":"2025-03-24T13:41:15+07:00","message":"Handled request"}
{"level":"info","method":"POST","path":"/back-office-service/api/v1/login","status":200,"duration":56.2953,"time":"2025-03-24T13:41:30+07:00","message":"Handled request"}
{"level":"info","method":"POST","path":"/back-office-service/api/v1/create-gps","status":200,"duration":98.9954,"time":"2025-03-24T13:43:08+07:00","message":"Handled request"}
{"level":"info","method":"POST","path":"/back-office-service/api/v1/create-gps","status":200,"duration":60.7225,"time":"2025-03-24T13:45:52+07:00","message":"Handled request"}
{"level":"info","method":"POST","path":"/back-office-service/api/v1/create-gps","status":200,"duration":58.0065,"time":"2025-03-24T13:46:16+07:00","message":"Handled request"}
{"level":"info","method":"POST","path":"/back-office-service/api/v1/create-gps","status":200,"duration":100.2911,"time":"2025-03-24T13:47:28+07:00","message":"Handled request"}
{"level":"info","method":"GET","path":"/swagger/index.html","status":200,"duration":1.1064,"time":"2025-03-24T13:55:33+07:00","message":"Handled request"}
{"level":"info","method":"GET","path":"/swagger/swagger-ui.css","status":200,"duration":0.7045,"time":"2025-03-24T13:55:33+07:00","message":"Handled request"}
{"level":"info","method":"GET","path":"/swagger/swagger-ui-standalone-preset.js","status":200,"duration":0.5056,"time":"2025-03-24T13:55:33+07:00","message":"Handled request"}
{"level":"info","method":"GET","path":"/swagger/swagger-ui-bundle.js","status":200,"duration":6.9829,"time":"2025-03-24T13:55:33+07:00","message":"Handled request"}
{"level":"info","method":"GET","path":"/swagger/doc.json","status":200,"duration":1.2754,"time":"2025-03-24T13:55:33+07:00","message":"Handled request"}
{"level":"info","method":"GET","path":"/swagger/favicon-32x32.png","status":200,"duration":0.5309,"time":"2025-03-24T13:55:34+07:00","message":"Handled request"}
{"level":"info","method":"POST","path":"/back-office-service/api/v1/login","status":200,"duration":50.7739,"time":"2025-03-24T13:55:38+07:00","message":"Handled request"}
{"level":"info","method":"POST","path":"/back-office-service/api/v1/create-gps","status":400,"duration":285.594,"time":"2025-03-24T13:55:49+07:00","message":"Handled request"}
{"level":"info","method":"POST","path":"/back-office-service/api/v1/create-gps","status":200,"duration":112.3421,"time":"2025-03-24T13:56:08+07:00","message":"Handled request"}
{"level":"info","method":"POST","path":"/back-office-service/api/v1/create-gps","status":400,"duration":57.3,"time":"2025-03-24T13:57:34+07:00","message":"Handled request"}
{"level":"info","method":"GET","path":"/swagger/index.html","status":200,"duration":1.2745,"time":"2025-03-24T14:00:00+07:00","message":"Handled request"}
{"level":"info","method":"GET","path":"/swagger/swagger-ui.css","status":200,"duration":1.3387,"time":"2025-03-24T14:00:00+07:00","message":"Handled request"}
{"level":"info","method":"GET","path":"/swagger/swagger-ui-standalone-preset.js","status":200,"duration":0.5227,"time":"2025-03-24T14:00:00+07:00","message":"Handled request"}
{"level":"info","method":"GET","path":"/swagger/swagger-ui-bundle.js","status":200,"duration":1.5437,"time":"2025-03-24T14:00:00+07:00","message":"Handled request"}
{"level":"info","method":"GET","path":"/swagger/doc.json","status":200,"duration":0.351,"time":"2025-03-24T14:00:00+07:00","message":"Handled request"}
{"level":"info","method":"POST","path":"/back-office-service/api/v1/login","status":200,"duration":53.0979,"time":"2025-03-24T14:00:16+07:00","message":"Handled request"}
{"level":"info","method":"GET","path":"/swagger/index.html","status":200,"duration":0.5165,"time":"2025-03-24T14:04:30+07:00","message":"Handled request"}
{"level":"info","method":"GET","path":"/swagger/swagger-ui.css","status":200,"duration":0.3184,"time":"2025-03-24T14:04:30+07:00","message":"Handled request"}
{"level":"info","method":"GET","path":"/swagger/swagger-ui-standalone-preset.js","status":200,"duration":0.5037,"time":"2025-03-24T14:04:30+07:00","message":"Handled request"}
{"level":"info","method":"GET","path":"/swagger/swagger-ui-bundle.js","status":200,"duration":2.5896,"time":"2025-03-24T14:04:30+07:00","message":"Handled request"}
{"level":"info","method":"GET","path":"/swagger/doc.json","status":200,"duration":0.177,"time":"2025-03-24T14:04:31+07:00","message":"Handled request"}
{"level":"info","method":"GET","path":"/swagger/favicon-32x32.png","status":200,"duration":0,"time":"2025-03-24T14:04:31+07:00","message":"Handled request"}
{"level":"info","method":"POST","path":"/back-office-service/api/v1/login","status":200,"duration":61.3156,"time":"2025-03-24T14:05:18+07:00","message":"Handled request"}
{"level":"info","method":"POST","path":"/back-office-service/api/v1/create-gps","status":400,"duration":0.5048,"time":"2025-03-24T14:06:35+07:00","message":"Handled request"}
{"level":"info","method":"POST","path":"/back-office-service/api/v1/create-gps","status":200,"duration":116.867,"time":"2025-03-24T14:07:03+07:00","message":"Handled request"}
{"level":"info","method":"GET","path":"/back-office-service/api/v1/gps-status","status":200,"duration":46.5525,"time":"2025-03-24T14:42:42+07:00","message":"Handled request"}
{"level":"info","method":"GET","path":"/swagger/index.html","status":200,"duration":0.5566,"time":"2025-03-24T15:00:48+07:00","message":"Handled request"}
{"level":"info","method":"GET","path":"/swagger/swagger-ui.css","status":200,"duration":0.5447,"time":"2025-03-24T15:00:48+07:00","message":"Handled request"}
{"level":"info","method":"GET","path":"/swagger/swagger-ui-standalone-preset.js","status":200,"duration":1.1685,"time":"2025-03-24T15:00:48+07:00","message":"Handled request"}
{"level":"info","method":"GET","path":"/swagger/swagger-ui-bundle.js","status":200,"duration":4.6926,"time":"2025-03-24T15:00:48+07:00","message":"Handled request"}
{"level":"info","method":"GET","path":"/swagger/doc.json","status":200,"duration":1,"time":"2025-03-24T15:00:48+07:00","message":"Handled request"}
{"level":"info","method":"GET","path":"/swagger/index.html","status":200,"duration":0,"time":"2025-03-24T15:00:52+07:00","message":"Handled request"}
{"level":"info","method":"GET","path":"/swagger/swagger-ui.css","status":304,"duration":0,"time":"2025-03-24T15:00:52+07:00","message":"Handled request"}
{"level":"info","method":"GET","path":"/swagger/swagger-ui-standalone-preset.js","status":304,"duration":0,"time":"2025-03-24T15:00:52+07:00","message":"Handled request"}
{"level":"info","method":"GET","path":"/swagger/swagger-ui-bundle.js","status":304,"duration":0,"time":"2025-03-24T15:00:52+07:00","message":"Handled request"}
{"level":"info","method":"GET","path":"/swagger/doc.json","status":200,"duration":0.1684,"time":"2025-03-24T15:00:52+07:00","message":"Handled request"}
{"level":"info","method":"GET","path":"/swagger/favicon-32x32.png","status":200,"duration":0.0958,"time":"2025-03-24T15:00:52+07:00","message":"Handled request"}
{"level":"info","method":"POST","path":"/back-office-service/api/v1/login","status":200,"duration":51.8837,"time":"2025-03-24T15:01:00+07:00","message":"Handled request"}
{"level":"info","method":"GET","path":"/back-office-service/api/v1/gps-status","status":200,"duration":48.525,"time":"2025-03-24T15:01:15+07:00","message":"Handled request"}
{"level":"info","method":"GET","path":"/swagger/index.html","status":200,"duration":0.5038,"time":"2025-03-24T15:04:10+07:00","message":"Handled request"}
{"level":"info","method":"GET","path":"/swagger/swagger-ui.css","status":200,"duration":1.0573,"time":"2025-03-24T15:04:10+07:00","message":"Handled request"}
{"level":"info","method":"GET","path":"/swagger/swagger-ui-standalone-preset.js","status":200,"duration":0.5037,"time":"2025-03-24T15:04:10+07:00","message":"Handled request"}
{"level":"info","method":"GET","path":"/swagger/swagger-ui-bundle.js","status":200,"duration":1.561,"time":"2025-03-24T15:04:10+07:00","message":"Handled request"}
{"level":"info","method":"GET","path":"/swagger/doc.json","status":200,"duration":0.5979,"time":"2025-03-24T15:04:10+07:00","message":"Handled request"}
{"level":"info","method":"GET","path":"/swagger/favicon-32x32.png","status":200,"duration":0,"time":"2025-03-24T15:04:10+07:00","message":"Handled request"}
{"level":"info","method":"POST","path":"/back-office-service/api/v1/login","status":200,"duration":40.265,"time":"2025-03-24T15:04:40+07:00","message":"Handled request"}
{"level":"info","method":"GET","path":"/back-office-service/api/v1/gps-brands","status":200,"duration":44.7366,"time":"2025-03-24T15:04:56+07:00","message":"Handled request"}
{"level":"info","method":"GET","path":"/back-office-service/api/v1/gps-models","status":200,"duration":43.7016,"time":"2025-03-24T15:05:08+07:00","message":"Handled request"}
{"level":"info","method":"PUT","path":"/back-office-service/api/v1/update-gps","status":500,"duration":44.9827,"time":"2025-03-24T15:12:26+07:00","message":"Handled request"}
{"level":"info","method":"GET","path":"/swagger/index.html","status":200,"duration":0,"time":"2025-03-24T15:13:39+07:00","message":"Handled request"}
{"level":"info","method":"GET","path":"/swagger/swagger-ui.css","status":304,"duration":0.7399,"time":"2025-03-24T15:13:39+07:00","message":"Handled request"}
{"level":"info","method":"GET","path":"/swagger/swagger-ui-bundle.js","status":304,"duration":0,"time":"2025-03-24T15:13:39+07:00","message":"Handled request"}
{"level":"info","method":"GET","path":"/swagger/swagger-ui-standalone-preset.js","status":304,"duration":0,"time":"2025-03-24T15:13:39+07:00","message":"Handled request"}
{"level":"info","method":"GET","path":"/swagger/doc.json","status":200,"duration":1.1289,"time":"2025-03-24T15:13:39+07:00","message":"Handled request"}
{"level":"info","method":"GET","path":"/swagger/favicon-32x32.png","status":304,"duration":0,"time":"2025-03-24T15:13:39+07:00","message":"Handled request"}
{"level":"info","method":"GET","path":"/swagger/index.html","status":200,"duration":0.8396,"time":"2025-03-24T15:13:59+07:00","message":"Handled request"}
{"level":"info","method":"GET","path":"/swagger/doc.json","status":200,"duration":0.7669,"time":"2025-03-24T15:13:59+07:00","message":"Handled request"}
{"level":"info","method":"POST","path":"/back-office-service/api/v1/login","status":200,"duration":53.5518,"time":"2025-03-24T15:14:07+07:00","message":"Handled request"}
{"level":"info","method":"POST","path":"/back-office-service/api/v1/create-gps","status":500,"duration":45.0527,"time":"2025-03-24T15:14:31+07:00","message":"Handled request"}
{"level":"info","method":"GET","path":"/swagger/index.html","status":200,"duration":0.8217,"time":"2025-03-24T15:34:22+07:00","message":"Handled request"}
{"level":"info","method":"GET","path":"/swagger/swagger-ui-standalone-preset.js","status":200,"duration":1.0699,"time":"2025-03-24T15:34:22+07:00","message":"Handled request"}
{"level":"info","method":"GET","path":"/swagger/swagger-ui.css","status":200,"duration":1.0699,"time":"2025-03-24T15:34:22+07:00","message":"Handled request"}
{"level":"info","method":"GET","path":"/swagger/swagger-ui-bundle.js","status":200,"duration":6.1592,"time":"2025-03-24T15:34:22+07:00","message":"Handled request"}
{"level":"info","method":"GET","path":"/swagger/doc.json","status":200,"duration":0.679,"time":"2025-03-24T15:34:22+07:00","message":"Handled request"}
{"level":"info","method":"GET","path":"/swagger/favicon-32x32.png","status":200,"duration":0,"time":"2025-03-24T15:34:22+07:00","message":"Handled request"}
{"level":"info","method":"POST","path":"/back-office-service/api/v1/login","status":200,"duration":57.7914,"time":"2025-03-24T15:34:32+07:00","message":"Handled request"}
{"level":"info","method":"POST","path":"/back-office-service/api/v1/create-gps","status":400,"duration":52.6612,"time":"2025-03-24T15:34:56+07:00","message":"Handled request"}
{"level":"info","method":"POST","path":"/back-office-service/api/v1/create-gps","status":400,"duration":62.3186,"time":"2025-03-24T15:35:07+07:00","message":"Handled request"}
{"level":"info","method":"POST","path":"/back-office-service/api/v1/create-gps","status":400,"duration":54.1457,"time":"2025-03-24T15:35:16+07:00","message":"Handled request"}
{"level":"info","method":"PUT","path":"/back-office-service/api/v1/update-gps","status":500,"duration":43.1316,"time":"2025-03-24T15:35:49+07:00","message":"Handled request"}
{"level":"info","method":"PUT","path":"/back-office-service/api/v1/update-gps","status":500,"duration":45.3598,"time":"2025-03-24T15:36:36+07:00","message":"Handled request"}
{"level":"info","method":"PUT","path":"/back-office-service/api/v1/update-gps","status":500,"duration":88.418,"time":"2025-03-24T15:36:47+07:00","message":"Handled request"}
{"level":"info","method":"GET","path":"/swagger/index.html","status":200,"duration":0,"time":"2025-03-24T15:40:18+07:00","message":"Handled request"}
{"level":"info","method":"GET","path":"/swagger/swagger-ui.css","status":200,"duration":0,"time":"2025-03-24T15:40:18+07:00","message":"Handled request"}
{"level":"info","method":"GET","path":"/swagger/swagger-ui-standalone-preset.js","status":200,"duration":0.5054,"time":"2025-03-24T15:40:18+07:00","message":"Handled request"}
{"level":"info","method":"GET","path":"/swagger/swagger-ui-bundle.js","status":200,"duration":1.3789,"time":"2025-03-24T15:40:18+07:00","message":"Handled request"}
{"level":"info","method":"GET","path":"/swagger/doc.json","status":200,"duration":0.5436,"time":"2025-03-24T15:40:18+07:00","message":"Handled request"}
{"level":"info","method":"GET","path":"/swagger/favicon-32x32.png","status":200,"duration":0.5385,"time":"2025-03-24T15:40:18+07:00","message":"Handled request"}
{"level":"info","method":"POST","path":"/back-office-service/api/v1/login","status":200,"duration":47.8044,"time":"2025-03-24T15:40:26+07:00","message":"Handled request"}
{"level":"info","method":"PUT","path":"/back-office-service/api/v1/update-gps","status":400,"duration":0,"time":"2025-03-24T15:40:44+07:00","message":"Handled request"}
{"level":"info","method":"PUT","path":"/back-office-service/api/v1/update-gps","status":400,"duration":0,"time":"2025-03-24T15:40:53+07:00","message":"Handled request"}
{"level":"info","method":"PUT","path":"/back-office-service/api/v1/update-gps","status":400,"duration":0,"time":"2025-03-24T15:41:04+07:00","message":"Handled request"}
{"level":"info","method":"GET","path":"/swagger/index.html","status":200,"duration":0.8966,"time":"2025-03-24T16:18:37+07:00","message":"Handled request"}
{"level":"info","method":"GET","path":"/swagger/swagger-ui.css","status":200,"duration":0,"time":"2025-03-24T16:18:37+07:00","message":"Handled request"}
{"level":"info","method":"GET","path":"/swagger/swagger-ui-standalone-preset.js","status":200,"duration":0.5834,"time":"2025-03-24T16:18:37+07:00","message":"Handled request"}
{"level":"info","method":"GET","path":"/swagger/swagger-ui-bundle.js","status":200,"duration":5.7867,"time":"2025-03-24T16:18:37+07:00","message":"Handled request"}
{"level":"info","method":"GET","path":"/swagger/doc.json","status":200,"duration":1.4188,"time":"2025-03-24T16:18:37+07:00","message":"Handled request"}
{"level":"info","method":"GET","path":"/swagger/favicon-32x32.png","status":200,"duration":1.0071,"time":"2025-03-24T16:18:37+07:00","message":"Handled request"}
{"level":"info","method":"POST","path":"/back-office-service/api/v1/login","status":200,"duration":65.1156,"time":"2025-03-24T16:18:42+07:00","message":"Handled request"}
{"level":"info","method":"PUT","path":"/back-office-service/api/v1/update-gps","status":500,"duration":333.7932,"time":"2025-03-24T16:19:02+07:00","message":"Handled request"}
{"level":"info","method":"GET","path":"/swagger/index.html","status":200,"duration":0.6544,"time":"2025-03-24T16:22:02+07:00","message":"Handled request"}
{"level":"info","method":"GET","path":"/swagger/swagger-ui.css","status":200,"duration":0.4813,"time":"2025-03-24T16:22:02+07:00","message":"Handled request"}
{"level":"info","method":"GET","path":"/swagger/swagger-ui-standalone-preset.js","status":200,"duration":0.5064,"time":"2025-03-24T16:22:02+07:00","message":"Handled request"}
{"level":"info","method":"GET","path":"/swagger/swagger-ui-bundle.js","status":200,"duration":3.2773,"time":"2025-03-24T16:22:02+07:00","message":"Handled request"}
{"level":"info","method":"GET","path":"/swagger/doc.json","status":200,"duration":0.3168,"time":"2025-03-24T16:22:02+07:00","message":"Handled request"}
{"level":"info","method":"GET","path":"/swagger/favicon-32x32.png","status":200,"duration":0.4125,"time":"2025-03-24T16:22:02+07:00","message":"Handled request"}
{"level":"info","method":"POST","path":"/back-office-service/api/v1/login","status":200,"duration":51.6005,"time":"2025-03-24T16:22:13+07:00","message":"Handled request"}
{"level":"info","method":"PUT","path":"/back-office-service/api/v1/update-gps","status":500,"duration":173.9065,"time":"2025-03-24T16:22:31+07:00","message":"Handled request"}
{"level":"info","method":"GET","path":"/swagger/index.html","status":200,"duration":1.0002,"time":"2025-03-24T16:27:33+07:00","message":"Handled request"}
{"level":"info","method":"GET","path":"/swagger/swagger-ui.css","status":200,"duration":0.449,"time":"2025-03-24T16:27:33+07:00","message":"Handled request"}
{"level":"info","method":"GET","path":"/swagger/swagger-ui-standalone-preset.js","status":200,"duration":1.9827,"time":"2025-03-24T16:27:33+07:00","message":"Handled request"}
{"level":"info","method":"GET","path":"/swagger/swagger-ui-bundle.js","status":200,"duration":6.7018,"time":"2025-03-24T16:27:33+07:00","message":"Handled request"}
{"level":"info","method":"GET","path":"/swagger/doc.json","status":200,"duration":1.7272,"time":"2025-03-24T16:27:33+07:00","message":"Handled request"}
{"level":"info","method":"POST","path":"/back-office-service/api/v1/login","status":200,"duration":135.6879,"time":"2025-03-24T16:27:45+07:00","message":"Handled request"}
{"level":"info","method":"PUT","path":"/back-office-service/api/v1/update-gps","status":500,"duration":1157.5886,"time":"2025-03-24T16:28:03+07:00","message":"Handled request"}
{"level":"info","method":"GET","path":"/swagger/index.html","status":200,"duration":1.1355,"time":"2025-03-24T16:29:24+07:00","message":"Handled request"}
{"level":"info","method":"GET","path":"/swagger/swagger-ui.css","status":200,"duration":0.5063,"time":"2025-03-24T16:29:24+07:00","message":"Handled request"}
{"level":"info","method":"GET","path":"/swagger/swagger-ui-standalone-preset.js","status":200,"duration":0.5063,"time":"2025-03-24T16:29:24+07:00","message":"Handled request"}
{"level":"info","method":"GET","path":"/swagger/swagger-ui-bundle.js","status":200,"duration":2.3691,"time":"2025-03-24T16:29:24+07:00","message":"Handled request"}
{"level":"info","method":"GET","path":"/swagger/doc.json","status":200,"duration":1.3618,"time":"2025-03-24T16:29:24+07:00","message":"Handled request"}
{"level":"info","method":"GET","path":"/swagger/favicon-32x32.png","status":200,"duration":0,"time":"2025-03-24T16:29:24+07:00","message":"Handled request"}
{"level":"info","method":"POST","path":"/back-office-service/api/v1/login","status":200,"duration":87.739,"time":"2025-03-24T16:29:31+07:00","message":"Handled request"}
{"level":"info","method":"PUT","path":"/back-office-service/api/v1/update-gps","status":500,"duration":159.8452,"time":"2025-03-24T16:29:48+07:00","message":"Handled request"}
{"level":"info","method":"GET","path":"/swagger/index.html","status":200,"duration":0.9352,"time":"2025-03-24T16:38:30+07:00","message":"Handled request"}
{"level":"info","method":"GET","path":"/swagger/swagger-ui.css","status":200,"duration":1.1758,"time":"2025-03-24T16:38:30+07:00","message":"Handled request"}
{"level":"info","method":"GET","path":"/swagger/swagger-ui-standalone-preset.js","status":200,"duration":0.5058,"time":"2025-03-24T16:38:30+07:00","message":"Handled request"}
{"level":"info","method":"GET","path":"/swagger/swagger-ui-bundle.js","status":200,"duration":6.1287,"time":"2025-03-24T16:38:30+07:00","message":"Handled request"}
{"level":"info","method":"GET","path":"/swagger/doc.json","status":200,"duration":1.0824,"time":"2025-03-24T16:38:30+07:00","message":"Handled request"}
{"level":"info","method":"GET","path":"/swagger/favicon-32x32.png","status":200,"duration":0,"time":"2025-03-24T16:38:30+07:00","message":"Handled request"}
{"level":"info","method":"POST","path":"/back-office-service/api/v1/login","status":200,"duration":55.3668,"time":"2025-03-24T16:38:38+07:00","message":"Handled request"}
{"level":"info","method":"PUT","path":"/back-office-service/api/v1/update-gps","status":200,"duration":180.0226,"time":"2025-03-24T16:38:56+07:00","message":"Handled request"}
{"level":"info","method":"PUT","path":"/back-office-service/api/v1/update-gps","status":500,"duration":69.1265,"time":"2025-03-24T16:39:03+07:00","message":"Handled request"}
{"level":"info","method":"GET","path":"/swagger/index.html","status":200,"duration":1.6169,"time":"2025-03-24T16:41:14+07:00","message":"Handled request"}
{"level":"info","method":"GET","path":"/swagger/swagger-ui-standalone-preset.js","status":200,"duration":0.5495,"time":"2025-03-24T16:41:14+07:00","message":"Handled request"}
{"level":"info","method":"GET","path":"/swagger/swagger-ui.css","status":200,"duration":0.5495,"time":"2025-03-24T16:41:14+07:00","message":"Handled request"}
{"level":"info","method":"GET","path":"/swagger/swagger-ui-bundle.js","status":200,"duration":1.07,"time":"2025-03-24T16:41:14+07:00","message":"Handled request"}
{"level":"info","method":"GET","path":"/swagger/doc.json","status":200,"duration":1.3372,"time":"2025-03-24T16:41:14+07:00","message":"Handled request"}
{"level":"info","method":"GET","path":"/swagger/favicon-32x32.png","status":200,"duration":0,"time":"2025-03-24T16:41:14+07:00","message":"Handled request"}
{"level":"info","method":"POST","path":"/back-office-service/api/v1/login","status":200,"duration":62.8816,"time":"2025-03-24T16:41:19+07:00","message":"Handled request"}
{"level":"info","method":"PUT","path":"/back-office-service/api/v1/update-gps","status":500,"duration":68.2255,"time":"2025-03-24T16:41:41+07:00","message":"Handled request"}
{"level":"info","method":"GET","path":"/swagger/index.html","status":200,"duration":0.511,"time":"2025-03-24T16:43:33+07:00","message":"Handled request"}
{"level":"info","method":"GET","path":"/swagger/swagger-ui.css","status":200,"duration":0.9163,"time":"2025-03-24T16:43:33+07:00","message":"Handled request"}
{"level":"info","method":"GET","path":"/swagger/swagger-ui-standalone-preset.js","status":200,"duration":4.1617,"time":"2025-03-24T16:43:33+07:00","message":"Handled request"}
{"level":"info","method":"GET","path":"/swagger/swagger-ui-bundle.js","status":200,"duration":7.7122,"time":"2025-03-24T16:43:33+07:00","message":"Handled request"}
{"level":"info","method":"GET","path":"/swagger/doc.json","status":200,"duration":0.5068,"time":"2025-03-24T16:43:33+07:00","message":"Handled request"}
{"level":"info","method":"POST","path":"/back-office-service/api/v1/login","status":200,"duration":88.3415,"time":"2025-03-24T16:43:46+07:00","message":"Handled request"}
{"level":"info","method":"PUT","path":"/back-office-service/api/v1/update-gps","status":500,"duration":65.625,"time":"2025-03-24T16:44:06+07:00","message":"Handled request"}
{"level":"info","method":"GET","path":"/swagger/index.html","status":200,"duration":2.3617,"time":"2025-03-24T16:47:11+07:00","message":"Handled request"}
{"level":"info","method":"GET","path":"/swagger/swagger-ui.css","status":200,"duration":2.0092,"time":"2025-03-24T16:47:11+07:00","message":"Handled request"}
{"level":"info","method":"GET","path":"/swagger/swagger-ui-standalone-preset.js","status":200,"duration":0.51,"time":"2025-03-24T16:47:11+07:00","message":"Handled request"}
{"level":"info","method":"GET","path":"/swagger/swagger-ui-bundle.js","status":200,"duration":7.2062,"time":"2025-03-24T16:47:11+07:00","message":"Handled request"}
{"level":"info","method":"GET","path":"/swagger/doc.json","status":200,"duration":0.347,"time":"2025-03-24T16:47:12+07:00","message":"Handled request"}
{"level":"info","method":"POST","path":"/back-office-service/api/v1/login","status":200,"duration":75.4084,"time":"2025-03-24T16:47:24+07:00","message":"Handled request"}
{"level":"info","method":"PUT","path":"/back-office-service/api/v1/update-gps","status":200,"duration":261.4447,"time":"2025-03-24T16:47:37+07:00","message":"Handled request"}
{"level":"info","method":"PUT","path":"/back-office-service/api/v1/update-gps","status":500,"duration":119.0003,"time":"2025-03-24T16:47:43+07:00","message":"Handled request"}
{"level":"info","method":"GET","path":"/swagger/index.html","status":200,"duration":1.3568,"time":"2025-03-24T16:51:02+07:00","message":"Handled request"}
{"level":"info","method":"GET","path":"/swagger/swagger-ui.css","status":200,"duration":0.4256,"time":"2025-03-24T16:51:02+07:00","message":"Handled request"}
{"level":"info","method":"GET","path":"/swagger/swagger-ui-standalone-preset.js","status":200,"duration":1.4876,"time":"2025-03-24T16:51:02+07:00","message":"Handled request"}
{"level":"info","method":"GET","path":"/swagger/swagger-ui-bundle.js","status":200,"duration":2.5324,"time":"2025-03-24T16:51:02+07:00","message":"Handled request"}
{"level":"info","method":"GET","path":"/swagger/doc.json","status":200,"duration":0.1413,"time":"2025-03-24T16:51:02+07:00","message":"Handled request"}
{"level":"info","method":"GET","path":"/swagger/favicon-32x32.png","status":200,"duration":0,"time":"2025-03-24T16:51:02+07:00","message":"Handled request"}
{"level":"info","method":"POST","path":"/back-office-service/api/v1/login","status":200,"duration":57.8496,"time":"2025-03-24T16:51:09+07:00","message":"Handled request"}
{"level":"info","method":"PUT","path":"/back-office-service/api/v1/update-gps","status":400,"duration":0.5731,"time":"2025-03-24T16:51:27+07:00","message":"Handled request"}
{"level":"info","method":"PUT","path":"/back-office-service/api/v1/update-gps","status":500,"duration":66.5199,"time":"2025-03-24T16:51:35+07:00","message":"Handled request"}
{"level":"info","method":"POST","path":"/back-office-service/api/v1/create-gps","status":400,"duration":125.0311,"time":"2025-03-24T16:52:11+07:00","message":"Handled request"}
{"level":"info","method":"GET","path":"/swagger/index.html","status":200,"duration":0.6428,"time":"2025-03-24T16:56:16+07:00","message":"Handled request"}
{"level":"info","method":"GET","path":"/swagger/swagger-ui.css","status":200,"duration":0.8304,"time":"2025-03-24T16:56:17+07:00","message":"Handled request"}
{"level":"info","method":"GET","path":"/swagger/swagger-ui-standalone-preset.js","status":200,"duration":2.121,"time":"2025-03-24T16:56:17+07:00","message":"Handled request"}
{"level":"info","method":"GET","path":"/swagger/swagger-ui-bundle.js","status":200,"duration":5.7195,"time":"2025-03-24T16:56:17+07:00","message":"Handled request"}
{"level":"info","method":"GET","path":"/swagger/doc.json","status":200,"duration":0.1282,"time":"2025-03-24T16:56:17+07:00","message":"Handled request"}
{"level":"info","method":"POST","path":"/back-office-service/api/v1/login","status":200,"duration":78.0365,"time":"2025-03-24T16:56:29+07:00","message":"Handled request"}
{"level":"info","method":"PUT","path":"/back-office-service/api/v1/update-gps","status":400,"duration":0,"time":"2025-03-24T16:56:47+07:00","message":"Handled request"}
{"level":"info","method":"PUT","path":"/back-office-service/api/v1/update-gps","status":500,"duration":56.6873,"time":"2025-03-24T16:56:52+07:00","message":"Handled request"}
{"level":"info","method":"GET","path":"/swagger/index.html","status":200,"duration":0.4271,"time":"2025-03-24T16:58:55+07:00","message":"Handled request"}
{"level":"info","method":"GET","path":"/swagger/swagger-ui.css","status":200,"duration":0.5188,"time":"2025-03-24T16:58:55+07:00","message":"Handled request"}
{"level":"info","method":"GET","path":"/swagger/swagger-ui-standalone-preset.js","status":200,"duration":0.6907,"time":"2025-03-24T16:58:55+07:00","message":"Handled request"}
{"level":"info","method":"GET","path":"/swagger/swagger-ui-bundle.js","status":200,"duration":1.8714,"time":"2025-03-24T16:58:55+07:00","message":"Handled request"}
{"level":"info","method":"GET","path":"/swagger/doc.json","status":200,"duration":0.3848,"time":"2025-03-24T16:58:55+07:00","message":"Handled request"}
{"level":"info","method":"GET","path":"/swagger/favicon-32x32.png","status":200,"duration":0,"time":"2025-03-24T16:58:55+07:00","message":"Handled request"}
{"level":"info","method":"POST","path":"/back-office-service/api/v1/login","status":200,"duration":82.8861,"time":"2025-03-24T16:59:03+07:00","message":"Handled request"}
{"level":"info","method":"PUT","path":"/back-office-service/api/v1/update-gps","status":500,"duration":109.6175,"time":"2025-03-24T16:59:24+07:00","message":"Handled request"}
{"level":"info","method":"GET","path":"/swagger/index.html","status":200,"duration":0.5248,"time":"2025-03-24T17:03:32+07:00","message":"Handled request"}
{"level":"info","method":"GET","path":"/swagger/swagger-ui.css","status":200,"duration":0,"time":"2025-03-24T17:03:32+07:00","message":"Handled request"}
{"level":"info","method":"GET","path":"/swagger/swagger-ui-standalone-preset.js","status":200,"duration":0.516,"time":"2025-03-24T17:03:32+07:00","message":"Handled request"}
{"level":"info","method":"GET","path":"/swagger/swagger-ui-bundle.js","status":200,"duration":2.8357,"time":"2025-03-24T17:03:32+07:00","message":"Handled request"}
{"level":"info","method":"GET","path":"/swagger/doc.json","status":200,"duration":0.8004,"time":"2025-03-24T17:03:32+07:00","message":"Handled request"}
{"level":"info","method":"GET","path":"/swagger/favicon-32x32.png","status":200,"duration":0,"time":"2025-03-24T17:03:32+07:00","message":"Handled request"}
{"level":"info","method":"POST","path":"/back-office-service/api/v1/login","status":200,"duration":74.3219,"time":"2025-03-24T17:03:38+07:00","message":"Handled request"}
{"level":"info","method":"PUT","path":"/back-office-service/api/v1/update-gps","status":400,"duration":78.7562,"time":"2025-03-24T17:03:56+07:00","message":"Handled request"}
{"level":"info","method":"PUT","path":"/back-office-service/api/v1/update-gps","status":400,"duration":61.6581,"time":"2025-03-24T17:04:04+07:00","message":"Handled request"}
{"level":"info","method":"PUT","path":"/back-office-service/api/v1/update-gps","status":500,"duration":100.1408,"time":"2025-03-24T17:04:16+07:00","message":"Handled request"}
{"level":"info","method":"GET","path":"/swagger/index.html","status":200,"duration":0.8862,"time":"2025-03-24T17:09:01+07:00","message":"Handled request"}
{"level":"info","method":"GET","path":"/swagger/swagger-ui.css","status":200,"duration":0.7561,"time":"2025-03-24T17:09:01+07:00","message":"Handled request"}
{"level":"info","method":"GET","path":"/swagger/swagger-ui-standalone-preset.js","status":200,"duration":0.666,"time":"2025-03-24T17:09:01+07:00","message":"Handled request"}
{"level":"info","method":"GET","path":"/swagger/swagger-ui-bundle.js","status":200,"duration":5.7561,"time":"2025-03-24T17:09:01+07:00","message":"Handled request"}
{"level":"info","method":"GET","path":"/swagger/doc.json","status":200,"duration":0.1464,"time":"2025-03-24T17:09:01+07:00","message":"Handled request"}
{"level":"info","method":"POST","path":"/back-office-service/api/v1/login","status":200,"duration":97.6525,"time":"2025-03-24T17:09:14+07:00","message":"Handled request"}
{"level":"info","method":"PUT","path":"/back-office-service/api/v1/update-gps","status":400,"duration":50.0304,"time":"2025-03-24T17:09:32+07:00","message":"Handled request"}
{"level":"info","method":"PUT","path":"/back-office-service/api/v1/update-gps","status":400,"duration":57.0442,"time":"2025-03-24T17:09:39+07:00","message":"Handled request"}
{"level":"info","method":"PUT","path":"/back-office-service/api/v1/update-gps","status":400,"duration":76.1083,"time":"2025-03-24T17:09:46+07:00","message":"Handled request"}
{"level":"info","method":"PUT","path":"/back-office-service/api/v1/update-gps","status":200,"duration":105.8439,"time":"2025-03-24T17:10:01+07:00","message":"Handled request"}
