{"level":"info","method":"GET","path":"/swagger/index.html","status":200,"duration":3.6824,"time":"2025-03-19T10:17:30+07:00","message":"Handled request"}
{"level":"info","method":"GET","path":"/swagger/swagger-ui.css","status":200,"duration":0.505,"time":"2025-03-19T10:17:30+07:00","message":"Handled request"}
{"level":"info","method":"GET","path":"/swagger/swagger-ui-standalone-preset.js","status":200,"duration":1.96,"time":"2025-03-19T10:17:30+07:00","message":"Handled request"}
{"level":"info","method":"GET","path":"/swagger/swagger-ui-bundle.js","status":200,"duration":5.468,"time":"2025-03-19T10:17:30+07:00","message":"Handled request"}
{"level":"info","method":"GET","path":"/swagger/doc.json","status":200,"duration":0,"time":"2025-03-19T10:17:30+07:00","message":"Handled request"}
{"level":"info","method":"POST","path":"/back-office-service/api/v1/login","status":200,"duration":65.0612,"time":"2025-03-19T10:17:47+07:00","message":"Handled request"}
{"level":"info","method":"POST","path":"/back-office-service/api/v1/search-gps","status":400,"duration":0,"time":"2025-03-19T10:18:07+07:00","message":"Handled request"}
{"level":"info","method":"POST","path":"/back-office-service/api/v1/search-gps","status":400,"duration":0,"time":"2025-03-19T10:19:39+07:00","message":"Handled request"}
{"level":"info","method":"POST","path":"/back-office-service/api/v1/search-gps","status":400,"duration":0.5149,"time":"2025-03-19T10:20:42+07:00","message":"Handled request"}
{"level":"info","method":"POST","path":"/back-office-service/api/v1/search-gps","status":400,"duration":0,"time":"2025-03-19T10:22:25+07:00","message":"Handled request"}
{"level":"info","method":"GET","path":"/back-office-service/api/v1/gps-status","status":200,"duration":113.8219,"time":"2025-03-19T10:24:26+07:00","message":"Handled request"}
{"level":"info","method":"GET","path":"/swagger/index.html","status":200,"duration":0.5244,"time":"2025-03-19T10:25:00+07:00","message":"Handled request"}
{"level":"info","method":"GET","path":"/swagger/swagger-ui.css","status":200,"duration":0.2627,"time":"2025-03-19T10:25:00+07:00","message":"Handled request"}
{"level":"info","method":"GET","path":"/swagger/swagger-ui-standalone-preset.js","status":200,"duration":0.2627,"time":"2025-03-19T10:25:00+07:00","message":"Handled request"}
{"level":"info","method":"GET","path":"/swagger/swagger-ui-bundle.js","status":200,"duration":5.3701,"time":"2025-03-19T10:25:00+07:00","message":"Handled request"}
{"level":"info","method":"GET","path":"/swagger/doc.json","status":200,"duration":1.809,"time":"2025-03-19T10:25:00+07:00","message":"Handled request"}
{"level":"info","method":"GET","path":"/swagger/favicon-32x32.png","status":200,"duration":0,"time":"2025-03-19T10:25:00+07:00","message":"Handled request"}
{"level":"info","method":"POST","path":"/back-office-service/api/v1/login","status":200,"duration":58.0441,"time":"2025-03-19T10:25:05+07:00","message":"Handled request"}
{"level":"info","method":"POST","path":"/back-office-service/api/v1/search-gps","status":400,"duration":2.2961,"time":"2025-03-19T10:25:24+07:00","message":"Handled request"}
{"level":"info","method":"GET","path":"/swagger/index.html","status":200,"duration":4.335,"time":"2025-03-19T10:28:26+07:00","message":"Handled request"}
{"level":"info","method":"GET","path":"/swagger/swagger-ui.css","status":200,"duration":0.5071,"time":"2025-03-19T10:28:26+07:00","message":"Handled request"}
{"level":"info","method":"GET","path":"/swagger/swagger-ui-standalone-preset.js","status":200,"duration":0.6439,"time":"2025-03-19T10:28:26+07:00","message":"Handled request"}
{"level":"info","method":"GET","path":"/swagger/swagger-ui-bundle.js","status":200,"duration":4.4536,"time":"2025-03-19T10:28:26+07:00","message":"Handled request"}
{"level":"info","method":"GET","path":"/swagger/doc.json","status":200,"duration":1.6211,"time":"2025-03-19T10:28:26+07:00","message":"Handled request"}
{"level":"info","method":"GET","path":"/swagger/favicon-32x32.png","status":200,"duration":0,"time":"2025-03-19T10:28:26+07:00","message":"Handled request"}
{"level":"info","method":"POST","path":"/back-office-service/api/v1/login","status":200,"duration":54.8661,"time":"2025-03-19T10:28:30+07:00","message":"Handled request"}
{"level":"info","method":"POST","path":"/back-office-service/api/v1/search-gps","status":500,"duration":36.7022,"time":"2025-03-19T10:28:42+07:00","message":"Handled request"}
{"level":"info","method":"GET","path":"/swagger/index.html","status":200,"duration":0.6115,"time":"2025-03-19T10:30:58+07:00","message":"Handled request"}
{"level":"info","method":"GET","path":"/swagger/swagger-ui.css","status":200,"duration":1.0201,"time":"2025-03-19T10:30:58+07:00","message":"Handled request"}
{"level":"info","method":"GET","path":"/swagger/swagger-ui-standalone-preset.js","status":200,"duration":0.6137,"time":"2025-03-19T10:30:58+07:00","message":"Handled request"}
{"level":"info","method":"GET","path":"/swagger/swagger-ui-bundle.js","status":200,"duration":4.4034,"time":"2025-03-19T10:30:58+07:00","message":"Handled request"}
{"level":"info","method":"GET","path":"/swagger/doc.json","status":200,"duration":3.0064,"time":"2025-03-19T10:30:58+07:00","message":"Handled request"}
{"level":"info","method":"GET","path":"/swagger/favicon-32x32.png","status":200,"duration":2.1095,"time":"2025-03-19T10:30:58+07:00","message":"Handled request"}
{"level":"info","method":"POST","path":"/back-office-service/api/v1/login","status":200,"duration":50.215,"time":"2025-03-19T10:31:03+07:00","message":"Handled request"}
{"level":"info","method":"POST","path":"/back-office-service/api/v1/search-gps","status":200,"duration":148.7307,"time":"2025-03-19T10:31:32+07:00","message":"Handled request"}
{"level":"info","method":"POST","path":"/back-office-service/api/v1/search-gps","status":200,"duration":838.8806,"time":"2025-03-19T10:31:51+07:00","message":"Handled request"}
{"level":"info","method":"POST","path":"/back-office-service/api/v1/search-gps","status":200,"duration":79.8091,"time":"2025-03-19T10:32:03+07:00","message":"Handled request"}
{"level":"info","method":"GET","path":"/swagger/index.html","status":200,"duration":0.3595,"time":"2025-03-19T10:46:57+07:00","message":"Handled request"}
{"level":"info","method":"GET","path":"/swagger/swagger-ui-standalone-preset.js","status":200,"duration":1.2221,"time":"2025-03-19T10:46:57+07:00","message":"Handled request"}
{"level":"info","method":"GET","path":"/swagger/swagger-ui.css","status":200,"duration":1.2221,"time":"2025-03-19T10:46:57+07:00","message":"Handled request"}
{"level":"info","method":"GET","path":"/swagger/swagger-ui-bundle.js","status":200,"duration":3.9273,"time":"2025-03-19T10:46:57+07:00","message":"Handled request"}
{"level":"info","method":"GET","path":"/swagger/doc.json","status":200,"duration":0.4613,"time":"2025-03-19T10:46:57+07:00","message":"Handled request"}
{"level":"info","method":"GET","path":"/swagger/favicon-32x32.png","status":200,"duration":0.0674,"time":"2025-03-19T10:46:57+07:00","message":"Handled request"}
{"level":"info","method":"POST","path":"/back-office-service/api/v1/login","status":200,"duration":47.049,"time":"2025-03-19T10:47:35+07:00","message":"Handled request"}
{"level":"info","method":"POST","path":"/back-office-service/api/v1/search-gps","status":401,"duration":0,"time":"2025-03-19T10:48:04+07:00","message":"Handled request"}
{"level":"info","method":"POST","path":"/back-office-service/api/v1/search-gps","status":200,"duration":51.1512,"time":"2025-03-19T10:48:29+07:00","message":"Handled request"}
{"level":"info","method":"POST","path":"/back-office-service/api/v1/search-gps","status":200,"duration":55.2484,"time":"2025-03-19T10:48:44+07:00","message":"Handled request"}
{"level":"info","method":"POST","path":"/back-office-service/api/v1/search-gps","status":200,"duration":51.9521,"time":"2025-03-19T10:49:47+07:00","message":"Handled request"}
{"level":"info","method":"POST","path":"/back-office-service/api/v1/search-gps","status":200,"duration":78.1833,"time":"2025-03-19T10:49:59+07:00","message":"Handled request"}
{"level":"info","method":"GET","path":"/swagger/index.html","status":200,"duration":1.5326,"time":"2025-03-19T10:59:27+07:00","message":"Handled request"}
{"level":"info","method":"GET","path":"/swagger/swagger-ui.css","status":200,"duration":0.2044,"time":"2025-03-19T10:59:27+07:00","message":"Handled request"}
{"level":"info","method":"GET","path":"/swagger/swagger-ui-standalone-preset.js","status":200,"duration":0.686,"time":"2025-03-19T10:59:27+07:00","message":"Handled request"}
{"level":"info","method":"GET","path":"/swagger/swagger-ui-bundle.js","status":200,"duration":4.9293,"time":"2025-03-19T10:59:27+07:00","message":"Handled request"}
{"level":"info","method":"GET","path":"/swagger/doc.json","status":200,"duration":0.2782,"time":"2025-03-19T10:59:28+07:00","message":"Handled request"}
{"level":"info","method":"GET","path":"/swagger/favicon-32x32.png","status":200,"duration":0,"time":"2025-03-19T10:59:28+07:00","message":"Handled request"}
{"level":"info","method":"POST","path":"/back-office-service/api/v1/login","status":200,"duration":56.4184,"time":"2025-03-19T10:59:32+07:00","message":"Handled request"}
{"level":"info","method":"POST","path":"/back-office-service/api/v1/search-gps","status":401,"duration":0,"time":"2025-03-19T11:00:23+07:00","message":"Handled request"}
{"level":"info","method":"POST","path":"/back-office-service/api/v1/search-gps","status":200,"duration":66.2428,"time":"2025-03-19T11:00:45+07:00","message":"Handled request"}
{"level":"info","method":"GET","path":"/swagger/index.html","status":200,"duration":1.0042,"time":"2025-03-19T11:13:08+07:00","message":"Handled request"}
{"level":"info","method":"GET","path":"/swagger/swagger-ui.css","status":200,"duration":0.5063,"time":"2025-03-19T11:13:08+07:00","message":"Handled request"}
{"level":"info","method":"GET","path":"/swagger/swagger-ui-standalone-preset.js","status":200,"duration":0.5063,"time":"2025-03-19T11:13:08+07:00","message":"Handled request"}
{"level":"info","method":"GET","path":"/swagger/swagger-ui-bundle.js","status":200,"duration":1.1121,"time":"2025-03-19T11:13:08+07:00","message":"Handled request"}
{"level":"info","method":"GET","path":"/swagger/doc.json","status":200,"duration":0.0732,"time":"2025-03-19T11:13:08+07:00","message":"Handled request"}
{"level":"info","method":"GET","path":"/swagger/favicon-32x32.png","status":200,"duration":0,"time":"2025-03-19T11:13:08+07:00","message":"Handled request"}
{"level":"info","method":"GET","path":"/swagger/index.html","status":200,"duration":0,"time":"2025-03-19T11:13:15+07:00","message":"Handled request"}
{"level":"info","method":"GET","path":"/swagger/swagger-ui.css","status":304,"duration":0,"time":"2025-03-19T11:13:15+07:00","message":"Handled request"}
{"level":"info","method":"GET","path":"/swagger/swagger-ui-bundle.js","status":304,"duration":0,"time":"2025-03-19T11:13:15+07:00","message":"Handled request"}
{"level":"info","method":"GET","path":"/swagger/swagger-ui-standalone-preset.js","status":304,"duration":0,"time":"2025-03-19T11:13:15+07:00","message":"Handled request"}
{"level":"info","method":"GET","path":"/swagger/doc.json","status":200,"duration":0.7404,"time":"2025-03-19T11:13:15+07:00","message":"Handled request"}
{"level":"info","method":"GET","path":"/swagger/index.html","status":200,"duration":0.0605,"time":"2025-03-19T11:23:58+07:00","message":"Handled request"}
{"level":"info","method":"GET","path":"/swagger/swagger-ui.css","status":200,"duration":1.1663,"time":"2025-03-19T11:23:58+07:00","message":"Handled request"}
{"level":"info","method":"GET","path":"/swagger/swagger-ui-standalone-preset.js","status":200,"duration":0.5082,"time":"2025-03-19T11:23:58+07:00","message":"Handled request"}
{"level":"info","method":"GET","path":"/swagger/swagger-ui-bundle.js","status":200,"duration":1.8108,"time":"2025-03-19T11:23:58+07:00","message":"Handled request"}
{"level":"info","method":"GET","path":"/swagger/doc.json","status":200,"duration":0.9369,"time":"2025-03-19T11:23:58+07:00","message":"Handled request"}
{"level":"info","method":"GET","path":"/swagger/index.html","status":200,"duration":1.2404,"time":"2025-03-19T11:24:38+07:00","message":"Handled request"}
{"level":"info","method":"GET","path":"/swagger/swagger-ui.css","status":200,"duration":0.9986,"time":"2025-03-19T11:24:38+07:00","message":"Handled request"}
{"level":"info","method":"GET","path":"/swagger/swagger-ui-bundle.js","status":200,"duration":1.069,"time":"2025-03-19T11:24:38+07:00","message":"Handled request"}
{"level":"info","method":"GET","path":"/swagger/swagger-ui-standalone-preset.js","status":200,"duration":0.5065,"time":"2025-03-19T11:24:38+07:00","message":"Handled request"}
{"level":"info","method":"GET","path":"/swagger/doc.json","status":200,"duration":0.7372,"time":"2025-03-19T11:24:38+07:00","message":"Handled request"}
{"level":"info","method":"GET","path":"/swagger/index.html","status":200,"duration":0.5899,"time":"2025-03-19T11:25:19+07:00","message":"Handled request"}
{"level":"info","method":"GET","path":"/swagger/swagger-ui.css","status":200,"duration":0,"time":"2025-03-19T11:25:19+07:00","message":"Handled request"}
{"level":"info","method":"GET","path":"/swagger/swagger-ui-standalone-preset.js","status":200,"duration":0.5061,"time":"2025-03-19T11:25:19+07:00","message":"Handled request"}
{"level":"info","method":"GET","path":"/swagger/swagger-ui-bundle.js","status":200,"duration":1.776,"time":"2025-03-19T11:25:19+07:00","message":"Handled request"}
{"level":"info","method":"GET","path":"/swagger/doc.json","status":200,"duration":0.106,"time":"2025-03-19T11:25:19+07:00","message":"Handled request"}
{"level":"info","method":"GET","path":"/swagger/favicon-32x32.png","status":200,"duration":0,"time":"2025-03-19T11:25:19+07:00","message":"Handled request"}
{"level":"info","method":"GET","path":"/swagger/index.html","status":200,"duration":0.5821,"time":"2025-03-19T13:20:47+07:00","message":"Handled request"}
{"level":"info","method":"GET","path":"/swagger/swagger-ui.css","status":200,"duration":0.5239,"time":"2025-03-19T13:20:47+07:00","message":"Handled request"}
{"level":"info","method":"GET","path":"/swagger/swagger-ui-standalone-preset.js","status":200,"duration":0,"time":"2025-03-19T13:20:47+07:00","message":"Handled request"}
{"level":"info","method":"GET","path":"/swagger/swagger-ui-bundle.js","status":200,"duration":1.2695,"time":"2025-03-19T13:20:47+07:00","message":"Handled request"}
{"level":"info","method":"GET","path":"/swagger/doc.json","status":200,"duration":0.8686,"time":"2025-03-19T13:20:47+07:00","message":"Handled request"}
{"level":"info","method":"GET","path":"/swagger/favicon-32x32.png","status":200,"duration":0.7888,"time":"2025-03-19T13:20:47+07:00","message":"Handled request"}
{"level":"info","method":"GET","path":"/swagger/index.html","status":200,"duration":0,"time":"2025-03-19T13:21:25+07:00","message":"Handled request"}
{"level":"info","method":"GET","path":"/swagger/swagger-ui.css","status":200,"duration":0.1867,"time":"2025-03-19T13:21:25+07:00","message":"Handled request"}
{"level":"info","method":"GET","path":"/swagger/swagger-ui-standalone-preset.js","status":200,"duration":0.6669,"time":"2025-03-19T13:21:25+07:00","message":"Handled request"}
{"level":"info","method":"GET","path":"/swagger/swagger-ui-bundle.js","status":200,"duration":1.1727,"time":"2025-03-19T13:21:25+07:00","message":"Handled request"}
{"level":"info","method":"GET","path":"/swagger/doc.json","status":200,"duration":1.4473,"time":"2025-03-19T13:21:25+07:00","message":"Handled request"}
{"level":"info","method":"GET","path":"/swagger/index.html","status":200,"duration":2.7086,"time":"2025-03-19T13:26:34+07:00","message":"Handled request"}
{"level":"info","method":"GET","path":"/swagger/swagger-ui.css","status":304,"duration":0,"time":"2025-03-19T13:26:34+07:00","message":"Handled request"}
{"level":"info","method":"GET","path":"/swagger/swagger-ui-bundle.js","status":304,"duration":0,"time":"2025-03-19T13:26:34+07:00","message":"Handled request"}
{"level":"info","method":"GET","path":"/swagger/swagger-ui-standalone-preset.js","status":304,"duration":0,"time":"2025-03-19T13:26:34+07:00","message":"Handled request"}
{"level":"info","method":"GET","path":"/swagger/doc.json","status":200,"duration":0.1069,"time":"2025-03-19T13:26:34+07:00","message":"Handled request"}
{"level":"info","method":"GET","path":"/swagger/index.html","status":200,"duration":1.1168,"time":"2025-03-19T13:30:23+07:00","message":"Handled request"}
{"level":"info","method":"GET","path":"/swagger/swagger-ui.css","status":200,"duration":0.2557,"time":"2025-03-19T13:30:23+07:00","message":"Handled request"}
{"level":"info","method":"GET","path":"/swagger/swagger-ui-standalone-preset.js","status":200,"duration":0.8206,"time":"2025-03-19T13:30:23+07:00","message":"Handled request"}
{"level":"info","method":"GET","path":"/swagger/swagger-ui-bundle.js","status":200,"duration":2.7386,"time":"2025-03-19T13:30:23+07:00","message":"Handled request"}
{"level":"info","method":"GET","path":"/swagger/doc.json","status":200,"duration":0,"time":"2025-03-19T13:30:23+07:00","message":"Handled request"}
{"level":"info","method":"GET","path":"/swagger/index.html","status":200,"duration":1.7279,"time":"2025-03-19T13:32:03+07:00","message":"Handled request"}
{"level":"info","method":"GET","path":"/swagger/swagger-ui.css","status":200,"duration":0.5055,"time":"2025-03-19T13:32:03+07:00","message":"Handled request"}
{"level":"info","method":"GET","path":"/swagger/swagger-ui-standalone-preset.js","status":200,"duration":0.7198,"time":"2025-03-19T13:32:03+07:00","message":"Handled request"}
{"level":"info","method":"GET","path":"/swagger/swagger-ui-bundle.js","status":200,"duration":1.8524,"time":"2025-03-19T13:32:03+07:00","message":"Handled request"}
{"level":"info","method":"GET","path":"/swagger/doc.json","status":200,"duration":1.1054,"time":"2025-03-19T13:32:03+07:00","message":"Handled request"}
{"level":"info","method":"GET","path":"/swagger/index.html","status":200,"duration":0,"time":"2025-03-19T13:32:42+07:00","message":"Handled request"}
{"level":"info","method":"GET","path":"/swagger/swagger-ui.css","status":200,"duration":0.1685,"time":"2025-03-19T13:32:42+07:00","message":"Handled request"}
{"level":"info","method":"GET","path":"/swagger/swagger-ui-standalone-preset.js","status":200,"duration":0.5072,"time":"2025-03-19T13:32:42+07:00","message":"Handled request"}
{"level":"info","method":"GET","path":"/swagger/swagger-ui-bundle.js","status":200,"duration":1.1971,"time":"2025-03-19T13:32:42+07:00","message":"Handled request"}
{"level":"info","method":"GET","path":"/swagger/doc.json","status":200,"duration":0.9382,"time":"2025-03-19T13:32:42+07:00","message":"Handled request"}
{"level":"info","method":"GET","path":"/swagger/index.html","status":200,"duration":0.9189,"time":"2025-03-19T13:38:33+07:00","message":"Handled request"}
{"level":"info","method":"GET","path":"/swagger/swagger-ui.css","status":200,"duration":0.5069,"time":"2025-03-19T13:38:33+07:00","message":"Handled request"}
{"level":"info","method":"GET","path":"/swagger/swagger-ui-standalone-preset.js","status":200,"duration":1.0523,"time":"2025-03-19T13:38:33+07:00","message":"Handled request"}
{"level":"info","method":"GET","path":"/swagger/swagger-ui-bundle.js","status":200,"duration":1.7857,"time":"2025-03-19T13:38:33+07:00","message":"Handled request"}
{"level":"info","method":"GET","path":"/swagger/doc.json","status":200,"duration":0.9337,"time":"2025-03-19T13:38:33+07:00","message":"Handled request"}
{"level":"info","method":"POST","path":"/back-office-service/api/v1/login","status":200,"duration":54.5783,"time":"2025-03-19T13:40:04+07:00","message":"Handled request"}
{"level":"info","method":"POST","path":"/back-office-service/api/v1/search-gps","status":200,"duration":125.9401,"time":"2025-03-19T13:40:50+07:00","message":"Handled request"}
{"level":"info","method":"POST","path":"/back-office-service/api/v1/search-gps","status":200,"duration":76.0607,"time":"2025-03-19T13:40:58+07:00","message":"Handled request"}
{"level":"info","method":"POST","path":"/back-office-service/api/v1/search-gps","status":200,"duration":75.0648,"time":"2025-03-19T13:41:02+07:00","message":"Handled request"}
{"level":"info","method":"POST","path":"/back-office-service/api/v1/search-gps","status":400,"duration":0.5039,"time":"2025-03-19T13:41:08+07:00","message":"Handled request"}
{"level":"info","method":"GET","path":"/swagger/index.html","status":200,"duration":0.8211,"time":"2025-03-19T13:44:40+07:00","message":"Handled request"}
{"level":"info","method":"GET","path":"/swagger/swagger-ui.css","status":200,"duration":0,"time":"2025-03-19T13:44:40+07:00","message":"Handled request"}
{"level":"info","method":"GET","path":"/swagger/swagger-ui-standalone-preset.js","status":200,"duration":0.5044,"time":"2025-03-19T13:44:40+07:00","message":"Handled request"}
{"level":"info","method":"GET","path":"/swagger/swagger-ui-bundle.js","status":200,"duration":1.5745,"time":"2025-03-19T13:44:40+07:00","message":"Handled request"}
{"level":"info","method":"GET","path":"/swagger/doc.json","status":200,"duration":0.9469,"time":"2025-03-19T13:44:40+07:00","message":"Handled request"}
{"level":"info","method":"GET","path":"/swagger/favicon-32x32.png","status":200,"duration":0,"time":"2025-03-19T13:44:40+07:00","message":"Handled request"}
{"level":"info","method":"POST","path":"/back-office-service/api/v1/login","status":200,"duration":50.3474,"time":"2025-03-19T13:44:45+07:00","message":"Handled request"}
{"level":"info","method":"POST","path":"/back-office-service/api/v1/search-gps","status":200,"duration":44.0933,"time":"2025-03-19T13:45:03+07:00","message":"Handled request"}
{"level":"info","method":"POST","path":"/back-office-service/api/v1/search-gps","status":400,"duration":0.6192,"time":"2025-03-19T13:46:13+07:00","message":"Handled request"}
{"level":"info","method":"POST","path":"/back-office-service/api/v1/search-gps","status":400,"duration":1.1106,"time":"2025-03-19T13:46:16+07:00","message":"Handled request"}
{"level":"info","method":"POST","path":"/back-office-service/api/v1/search-gps","status":200,"duration":56.0574,"time":"2025-03-19T13:46:53+07:00","message":"Handled request"}
{"level":"info","method":"POST","path":"/back-office-service/api/v1/search-gps","status":400,"duration":0.5049,"time":"2025-03-19T13:47:39+07:00","message":"Handled request"}
{"level":"info","method":"POST","path":"/back-office-service/api/v1/search-gps","status":200,"duration":51.5774,"time":"2025-03-19T13:47:51+07:00","message":"Handled request"}
{"level":"info","method":"POST","path":"/back-office-service/api/v1/search-gps","status":400,"duration":0.5845,"time":"2025-03-19T13:48:08+07:00","message":"Handled request"}
{"level":"info","method":"POST","path":"/back-office-service/api/v1/search-gps","status":400,"duration":1.4876,"time":"2025-03-19T13:48:27+07:00","message":"Handled request"}
{"level":"info","method":"POST","path":"/back-office-service/api/v1/search-gps","status":200,"duration":46.403,"time":"2025-03-19T13:48:32+07:00","message":"Handled request"}
{"level":"info","method":"POST","path":"/back-office-service/api/v1/search-gps","status":200,"duration":50.2246,"time":"2025-03-19T13:48:46+07:00","message":"Handled request"}
{"level":"info","method":"GET","path":"/swagger/index.html","status":200,"duration":0.7259,"time":"2025-03-19T13:52:28+07:00","message":"Handled request"}
{"level":"info","method":"GET","path":"/swagger/swagger-ui.css","status":200,"duration":0,"time":"2025-03-19T13:52:28+07:00","message":"Handled request"}
{"level":"info","method":"GET","path":"/swagger/swagger-ui-standalone-preset.js","status":200,"duration":0.5053,"time":"2025-03-19T13:52:28+07:00","message":"Handled request"}
{"level":"info","method":"GET","path":"/swagger/swagger-ui-bundle.js","status":200,"duration":2.0114,"time":"2025-03-19T13:52:28+07:00","message":"Handled request"}
{"level":"info","method":"GET","path":"/swagger/doc.json","status":200,"duration":0.7757,"time":"2025-03-19T13:52:29+07:00","message":"Handled request"}
{"level":"info","method":"GET","path":"/swagger/favicon-32x32.png","status":200,"duration":0,"time":"2025-03-19T13:52:29+07:00","message":"Handled request"}
{"level":"info","method":"POST","path":"/back-office-service/api/v1/login","status":200,"duration":50.3865,"time":"2025-03-19T13:52:43+07:00","message":"Handled request"}
{"level":"info","method":"POST","path":"/back-office-service/api/v1/search-gps","status":200,"duration":56.4309,"time":"2025-03-19T13:53:18+07:00","message":"Handled request"}
{"level":"info","method":"GET","path":"/swagger/index.html","status":200,"duration":0.5169,"time":"2025-03-19T14:01:46+07:00","message":"Handled request"}
{"level":"info","method":"GET","path":"/swagger/swagger-ui.css","status":200,"duration":0.5793,"time":"2025-03-19T14:01:46+07:00","message":"Handled request"}
{"level":"info","method":"GET","path":"/swagger/swagger-ui-standalone-preset.js","status":200,"duration":0.5793,"time":"2025-03-19T14:01:46+07:00","message":"Handled request"}
{"level":"info","method":"GET","path":"/swagger/swagger-ui-bundle.js","status":200,"duration":2.213,"time":"2025-03-19T14:01:46+07:00","message":"Handled request"}
{"level":"info","method":"GET","path":"/swagger/doc.json","status":200,"duration":0.918,"time":"2025-03-19T14:01:46+07:00","message":"Handled request"}
{"level":"info","method":"GET","path":"/swagger/favicon-32x32.png","status":200,"duration":0,"time":"2025-03-19T14:01:46+07:00","message":"Handled request"}
{"level":"info","method":"POST","path":"/back-office-service/api/v1/login","status":200,"duration":50.3761,"time":"2025-03-19T14:01:52+07:00","message":"Handled request"}
{"level":"info","method":"POST","path":"/back-office-service/api/v1/search-gps","status":200,"duration":128.5827,"time":"2025-03-19T14:02:11+07:00","message":"Handled request"}
{"level":"info","method":"POST","path":"/back-office-service/api/v1/search-gps","status":200,"duration":39.3612,"time":"2025-03-19T14:02:20+07:00","message":"Handled request"}
{"level":"info","method":"POST","path":"/back-office-service/api/v1/login","status":200,"duration":52.2187,"time":"2025-03-19T14:46:57+07:00","message":"Handled request"}
{"level":"info","method":"GET","path":"/swagger/index.html","status":200,"duration":24.0771,"time":"2025-03-19T16:24:40+07:00","message":"Handled request"}
{"level":"info","method":"GET","path":"/swagger/swagger-ui.css","status":200,"duration":11.9265,"time":"2025-03-19T16:24:40+07:00","message":"Handled request"}
{"level":"info","method":"GET","path":"/swagger/swagger-ui-standalone-preset.js","status":200,"duration":6.9511,"time":"2025-03-19T16:24:40+07:00","message":"Handled request"}
{"level":"info","method":"GET","path":"/swagger/swagger-ui-bundle.js","status":200,"duration":13.9189,"time":"2025-03-19T16:24:40+07:00","message":"Handled request"}
{"level":"info","method":"GET","path":"/swagger/doc.json","status":200,"duration":4.375,"time":"2025-03-19T16:24:41+07:00","message":"Handled request"}
{"level":"info","method":"GET","path":"/swagger/favicon-32x32.png","status":200,"duration":0,"time":"2025-03-19T16:24:41+07:00","message":"Handled request"}
{"level":"info","method":"POST","path":"/back-office-service/api/v1/login","status":200,"duration":98.4305,"time":"2025-03-19T16:24:49+07:00","message":"Handled request"}
{"level":"info","method":"GET","path":"/back-office-service/api/v1/test-update","status":401,"duration":0.9467,"time":"2025-03-19T16:25:07+07:00","message":"Handled request"}
{"level":"info","method":"GET","path":"/back-office-service/api/v1/test-update","status":400,"duration":1.3997,"time":"2025-03-19T16:25:12+07:00","message":"Handled request"}
{"level":"info","method":"GET","path":"/back-office-service/api/v1/test-update","status":200,"duration":30.4604,"time":"2025-03-19T16:27:05+07:00","message":"Handled request"}
{"level":"info","method":"GET","path":"/back-office-service/api/v1/test-update","status":200,"duration":35.6563,"time":"2025-03-19T16:27:40+07:00","message":"Handled request"}
{"level":"info","method":"GET","path":"/back-office-service/api/v1/test-update","status":401,"duration":0.5578,"time":"2025-03-19T16:34:22+07:00","message":"Handled request"}
{"level":"info","method":"GET","path":"/swagger/index.html","status":200,"duration":0,"time":"2025-03-19T16:34:33+07:00","message":"Handled request"}
{"level":"info","method":"GET","path":"/swagger/swagger-ui.css","status":200,"duration":0.5062,"time":"2025-03-19T16:34:33+07:00","message":"Handled request"}
{"level":"info","method":"GET","path":"/swagger/swagger-ui-standalone-preset.js","status":200,"duration":0.5062,"time":"2025-03-19T16:34:33+07:00","message":"Handled request"}
{"level":"info","method":"GET","path":"/swagger/swagger-ui-bundle.js","status":200,"duration":2.8204,"time":"2025-03-19T16:34:33+07:00","message":"Handled request"}
{"level":"info","method":"GET","path":"/swagger/doc.json","status":200,"duration":0.3396,"time":"2025-03-19T16:34:33+07:00","message":"Handled request"}
{"level":"info","method":"GET","path":"/swagger/favicon-32x32.png","status":200,"duration":0,"time":"2025-03-19T16:34:33+07:00","message":"Handled request"}
{"level":"info","method":"POST","path":"/back-office-service/api/v1/login","status":200,"duration":36.7208,"time":"2025-03-19T16:34:37+07:00","message":"Handled request"}
{"level":"info","method":"GET","path":"/back-office-service/api/v1/test-update","status":401,"duration":0.1482,"time":"2025-03-19T16:34:46+07:00","message":"Handled request"}
{"level":"info","method":"GET","path":"/back-office-service/api/v1/test-update","status":200,"duration":31.966,"time":"2025-03-19T16:35:17+07:00","message":"Handled request"}
